[     667ms] missing ) after argument list
[     760ms] [LOG] amb.MessageClient [INFO] >>> connection exists, request satisfied @ https://jobs.bestbuy.com/scripts/dist/sp_min.jsx?v=04-29-2026_0346:14
[     762ms] [WARNING] <meta name="apple-mobile-web-app-capable" content="yes"> is deprecated. Please include <meta name="mobile-web-app-capable" content="yes"> @ https://jobs.bestbuy.com/bby:0
[     898ms] [ERROR] WebSocket connection to 'wss://jobs.bestbuy.com/amb' failed: Error during WebSocket handshake: Unexpected response code: 400 @ https://jobs.bestbuy.com/scripts/dist/sp_min.jsx?v=04-29-2026_0346:14
[     940ms] [LOG] amb.ServerConnection [INFO] _initializeSubscriptionCommandSender: SubscriptionCommandSender is enabled @ https://jobs.bestbuy.com/scripts/dist/sp_min.jsx?v=04-29-2026_0346:14
[     970ms] [LOG] amb.TransportManagement [INFO] Connected using transport long-polling @ https://jobs.bestbuy.com/scripts/dist/sp_min.jsx?v=04-29-2026_0346:14
[     970ms] [LOG] amb.TransportManagement [INFO] Removed failed registry transports after connect: {websocket} @ https://jobs.bestbuy.com/scripts/dist/sp_min.jsx?v=04-29-2026_0346:14
[    1419ms] missing ) after argument list
[    1871ms] [WARNING] Incoming message ignored due to origin mismatch. @ https://jobs.bestbuy.com/scripts/dist/sp_min.jsx?v=04-29-2026_0346:66
[    1891ms] [WARNING] Incoming message ignored due to origin mismatch. @ https://jobs.bestbuy.com/scripts/dist/sp_min.jsx?v=04-29-2026_0346:66
[    1891ms] [WARNING] Incoming message ignored due to origin mismatch. @ https://jobs.bestbuy.com/scripts/dist/sp_min.jsx?v=04-29-2026_0346:66
[    4528ms] [WARNING] Incoming message ignored due to origin mismatch. @ https://jobs.bestbuy.com/scripts/dist/sp_min.jsx?v=04-29-2026_0346:66
[    4528ms] [WARNING] Incoming message ignored due to origin mismatch. @ https://jobs.bestbuy.com/scripts/dist/sp_min.jsx?v=04-29-2026_0346:66
[    4528ms] [WARNING] Incoming message ignored due to origin mismatch. @ https://jobs.bestbuy.com/scripts/dist/sp_min.jsx?v=04-29-2026_0346:66
[    4528ms] [WARNING] Incoming message ignored due to origin mismatch. @ https://jobs.bestbuy.com/scripts/dist/sp_min.jsx?v=04-29-2026_0346:66
[    4528ms] [WARNING] Incoming message ignored due to origin mismatch. @ https://jobs.bestbuy.com/scripts/dist/sp_min.jsx?v=04-29-2026_0346:66
[    4528ms] [WARNING] Incoming message ignored due to origin mismatch. @ https://jobs.bestbuy.com/scripts/dist/sp_min.jsx?v=04-29-2026_0346:66
[    4530ms] [WARNING] Incoming message ignored due to origin mismatch. @ https://jobs.bestbuy.com/scripts/dist/sp_min.jsx?v=04-29-2026_0346:66
[    4530ms] [WARNING] Incoming message ignored due to origin mismatch. @ https://jobs.bestbuy.com/scripts/dist/sp_min.jsx?v=04-29-2026_0346:66
[    4530ms] [WARNING] Incoming message ignored due to origin mismatch. @ https://jobs.bestbuy.com/scripts/dist/sp_min.jsx?v=04-29-2026_0346:66
[    4659ms] [WARNING] Incoming message ignored due to origin mismatch. @ https://jobs.bestbuy.com/scripts/dist/sp_min.jsx?v=04-29-2026_0346:66
[    4926ms] [WARNING] Incoming message ignored due to origin mismatch. @ https://jobs.bestbuy.com/scripts/dist/sp_min.jsx?v=04-29-2026_0346:66
[    5191ms] [WARNING] Incoming message ignored due to origin mismatch. @ https://jobs.bestbuy.com/scripts/dist/sp_min.jsx?v=04-29-2026_0346:66
[    5456ms] [WARNING] Incoming message ignored due to origin mismatch. @ https://jobs.bestbuy.com/scripts/dist/sp_min.jsx?v=04-29-2026_0346:66
[    5722ms] [WARNING] Incoming message ignored due to origin mismatch. @ https://jobs.bestbuy.com/scripts/dist/sp_min.jsx?v=04-29-2026_0346:66
[    5987ms] [WARNING] Incoming message ignored due to origin mismatch. @ https://jobs.bestbuy.com/scripts/dist/sp_min.jsx?v=04-29-2026_0346:66
[    6253ms] [WARNING] Incoming message ignored due to origin mismatch. @ https://jobs.bestbuy.com/scripts/dist/sp_min.jsx?v=04-29-2026_0346:66
[    6519ms] [WARNING] Incoming message ignored due to origin mismatch. @ https://jobs.bestbuy.com/scripts/dist/sp_min.jsx?v=04-29-2026_0346:66
[    6783ms] [WARNING] Incoming message ignored due to origin mismatch. @ https://jobs.bestbuy.com/scripts/dist/sp_min.jsx?v=04-29-2026_0346:66
[    7050ms] [WARNING] Incoming message ignored due to origin mismatch. @ https://jobs.bestbuy.com/scripts/dist/sp_min.jsx?v=04-29-2026_0346:66
[    7315ms] [WARNING] Incoming message ignored due to origin mismatch. @ https://jobs.bestbuy.com/scripts/dist/sp_min.jsx?v=04-29-2026_0346:66
[    7581ms] [WARNING] Incoming message ignored due to origin mismatch. @ https://jobs.bestbuy.com/scripts/dist/sp_min.jsx?v=04-29-2026_0346:66
[    7847ms] [WARNING] Incoming message ignored due to origin mismatch. @ https://jobs.bestbuy.com/scripts/dist/sp_min.jsx?v=04-29-2026_0346:66
[    8112ms] [WARNING] Incoming message ignored due to origin mismatch. @ https://jobs.bestbuy.com/scripts/dist/sp_min.jsx?v=04-29-2026_0346:66
[    8378ms] [WARNING] Incoming message ignored due to origin mismatch. @ https://jobs.bestbuy.com/scripts/dist/sp_min.jsx?v=04-29-2026_0346:66
[    8644ms] [WARNING] Incoming message ignored due to origin mismatch. @ https://jobs.bestbuy.com/scripts/dist/sp_min.jsx?v=04-29-2026_0346:66
[    8909ms] [WARNING] Incoming message ignored due to origin mismatch. @ https://jobs.bestbuy.com/scripts/dist/sp_min.jsx?v=04-29-2026_0346:66
[    9175ms] [WARNING] Incoming message ignored due to origin mismatch. @ https://jobs.bestbuy.com/scripts/dist/sp_min.jsx?v=04-29-2026_0346:66
[    9439ms] [WARNING] Incoming message ignored due to origin mismatch. @ https://jobs.bestbuy.com/scripts/dist/sp_min.jsx?v=04-29-2026_0346:66
[    9706ms] [WARNING] Incoming message ignored due to origin mismatch. @ https://jobs.bestbuy.com/scripts/dist/sp_min.jsx?v=04-29-2026_0346:66
[    9972ms] [WARNING] Incoming message ignored due to origin mismatch. @ https://jobs.bestbuy.com/scripts/dist/sp_min.jsx?v=04-29-2026_0346:66
[   10238ms] [WARNING] Incoming message ignored due to origin mismatch. @ https://jobs.bestbuy.com/scripts/dist/sp_min.jsx?v=04-29-2026_0346:66
[   10503ms] [WARNING] Incoming message ignored due to origin mismatch. @ https://jobs.bestbuy.com/scripts/dist/sp_min.jsx?v=04-29-2026_0346:66
[   10769ms] [WARNING] Incoming message ignored due to origin mismatch. @ https://jobs.bestbuy.com/scripts/dist/sp_min.jsx?v=04-29-2026_0346:66
[   11034ms] [WARNING] Incoming message ignored due to origin mismatch. @ https://jobs.bestbuy.com/scripts/dist/sp_min.jsx?v=04-29-2026_0346:66
[   11300ms] [WARNING] Incoming message ignored due to origin mismatch. @ https://jobs.bestbuy.com/scripts/dist/sp_min.jsx?v=04-29-2026_0346:66
[   11566ms] [WARNING] Incoming message ignored due to origin mismatch. @ https://jobs.bestbuy.com/scripts/dist/sp_min.jsx?v=04-29-2026_0346:66
[   11832ms] [WARNING] Incoming message ignored due to origin mismatch. @ https://jobs.bestbuy.com/scripts/dist/sp_min.jsx?v=04-29-2026_0346:66
[   12098ms] [WARNING] Incoming message ignored due to origin mismatch. @ https://jobs.bestbuy.com/scripts/dist/sp_min.jsx?v=04-29-2026_0346:66
[   12363ms] [WARNING] Incoming message ignored due to origin mismatch. @ https://jobs.bestbuy.com/scripts/dist/sp_min.jsx?v=04-29-2026_0346:66
[   12628ms] [WARNING] Incoming message ignored due to origin mismatch. @ https://jobs.bestbuy.com/scripts/dist/sp_min.jsx?v=04-29-2026_0346:66
[   12894ms] [WARNING] Incoming message ignored due to origin mismatch. @ https://jobs.bestbuy.com/scripts/dist/sp_min.jsx?v=04-29-2026_0346:66
[   13160ms] [WARNING] Incoming message ignored due to origin mismatch. @ https://jobs.bestbuy.com/scripts/dist/sp_min.jsx?v=04-29-2026_0346:66
[   13425ms] [WARNING] Incoming message ignored due to origin mismatch. @ https://jobs.bestbuy.com/scripts/dist/sp_min.jsx?v=04-29-2026_0346:66
[   13691ms] [WARNING] Incoming message ignored due to origin mismatch. @ https://jobs.bestbuy.com/scripts/dist/sp_min.jsx?v=04-29-2026_0346:66
[   13956ms] [WARNING] Incoming message ignored due to origin mismatch. @ https://jobs.bestbuy.com/scripts/dist/sp_min.jsx?v=04-29-2026_0346:66
[   14222ms] [WARNING] Incoming message ignored due to origin mismatch. @ https://jobs.bestbuy.com/scripts/dist/sp_min.jsx?v=04-29-2026_0346:66
[   14487ms] [WARNING] Incoming message ignored due to origin mismatch. @ https://jobs.bestbuy.com/scripts/dist/sp_min.jsx?v=04-29-2026_0346:66
[   14753ms] [WARNING] Incoming message ignored due to origin mismatch. @ https://jobs.bestbuy.com/scripts/dist/sp_min.jsx?v=04-29-2026_0346:66
[   15019ms] [WARNING] Incoming message ignored due to origin mismatch. @ https://jobs.bestbuy.com/scripts/dist/sp_min.jsx?v=04-29-2026_0346:66
[   15284ms] [WARNING] Incoming message ignored due to origin mismatch. @ https://jobs.bestbuy.com/scripts/dist/sp_min.jsx?v=04-29-2026_0346:66
[   15550ms] [WARNING] Incoming message ignored due to origin mismatch. @ https://jobs.bestbuy.com/scripts/dist/sp_min.jsx?v=04-29-2026_0346:66
[   15816ms] [WARNING] Incoming message ignored due to origin mismatch. @ https://jobs.bestbuy.com/scripts/dist/sp_min.jsx?v=04-29-2026_0346:66
[   16081ms] [WARNING] Incoming message ignored due to origin mismatch. @ https://jobs.bestbuy.com/scripts/dist/sp_min.jsx?v=04-29-2026_0346:66
[   16347ms] [WARNING] Incoming message ignored due to origin mismatch. @ https://jobs.bestbuy.com/scripts/dist/sp_min.jsx?v=04-29-2026_0346:66
[   16613ms] [WARNING] Incoming message ignored due to origin mismatch. @ https://jobs.bestbuy.com/scripts/dist/sp_min.jsx?v=04-29-2026_0346:66
[   16878ms] [WARNING] Incoming message ignored due to origin mismatch. @ https://jobs.bestbuy.com/scripts/dist/sp_min.jsx?v=04-29-2026_0346:66
[   17144ms] [WARNING] Incoming message ignored due to origin mismatch. @ https://jobs.bestbuy.com/scripts/dist/sp_min.jsx?v=04-29-2026_0346:66
[   17410ms] [WARNING] Incoming message ignored due to origin mismatch. @ https://jobs.bestbuy.com/scripts/dist/sp_min.jsx?v=04-29-2026_0346:66
[   17676ms] [WARNING] Incoming message ignored due to origin mismatch. @ https://jobs.bestbuy.com/scripts/dist/sp_min.jsx?v=04-29-2026_0346:66
[   17940ms] [WARNING] Incoming message ignored due to origin mismatch. @ https://jobs.bestbuy.com/scripts/dist/sp_min.jsx?v=04-29-2026_0346:66
[   18207ms] [WARNING] Incoming message ignored due to origin mismatch. @ https://jobs.bestbuy.com/scripts/dist/sp_min.jsx?v=04-29-2026_0346:66
[   18472ms] [WARNING] Incoming message ignored due to origin mismatch. @ https://jobs.bestbuy.com/scripts/dist/sp_min.jsx?v=04-29-2026_0346:66
[   18738ms] [WARNING] Incoming message ignored due to origin mismatch. @ https://jobs.bestbuy.com/scripts/dist/sp_min.jsx?v=04-29-2026_0346:66
[   19003ms] [WARNING] Incoming message ignored due to origin mismatch. @ https://jobs.bestbuy.com/scripts/dist/sp_min.jsx?v=04-29-2026_0346:66
[   19269ms] [WARNING] Incoming message ignored due to origin mismatch. @ https://jobs.bestbuy.com/scripts/dist/sp_min.jsx?v=04-29-2026_0346:66
[   19536ms] [WARNING] Incoming message ignored due to origin mismatch. @ https://jobs.bestbuy.com/scripts/dist/sp_min.jsx?v=04-29-2026_0346:66
[   19801ms] [WARNING] Incoming message ignored due to origin mismatch. @ https://jobs.bestbuy.com/scripts/dist/sp_min.jsx?v=04-29-2026_0346:66
[   20066ms] [WARNING] Incoming message ignored due to origin mismatch. @ https://jobs.bestbuy.com/scripts/dist/sp_min.jsx?v=04-29-2026_0346:66
[   20331ms] [WARNING] Incoming message ignored due to origin mismatch. @ https://jobs.bestbuy.com/scripts/dist/sp_min.jsx?v=04-29-2026_0346:66
[   20597ms] [WARNING] Incoming message ignored due to origin mismatch. @ https://jobs.bestbuy.com/scripts/dist/sp_min.jsx?v=04-29-2026_0346:66
[   20863ms] [WARNING] Incoming message ignored due to origin mismatch. @ https://jobs.bestbuy.com/scripts/dist/sp_min.jsx?v=04-29-2026_0346:66
[   21129ms] [WARNING] Incoming message ignored due to origin mismatch. @ https://jobs.bestbuy.com/scripts/dist/sp_min.jsx?v=04-29-2026_0346:66
[   21393ms] [WARNING] Incoming message ignored due to origin mismatch. @ https://jobs.bestbuy.com/scripts/dist/sp_min.jsx?v=04-29-2026_0346:66
[   21659ms] [WARNING] Incoming message ignored due to origin mismatch. @ https://jobs.bestbuy.com/scripts/dist/sp_min.jsx?v=04-29-2026_0346:66
[   21925ms] [WARNING] Incoming message ignored due to origin mismatch. @ https://jobs.bestbuy.com/scripts/dist/sp_min.jsx?v=04-29-2026_0346:66
[   22191ms] [WARNING] Incoming message ignored due to origin mismatch. @ https://jobs.bestbuy.com/scripts/dist/sp_min.jsx?v=04-29-2026_0346:66
