[     993ms] [LOG] Error @ https://workforcenow.adp.com/inc/js/lib/6a8f894227f41759348779077d1e5851.js?store=AACQMemeAQAAf3O2iV1ynRngWNb5AgIJfiqLI4PuWqzALJNRnirTkb9Lq5A-&X-zuY25QsG--z=q:0
[    1626ms] [WARNING] WfnConfig.initialize(): Entering. initOptions = {theme: one} @ https://static.workforcenow.adp.com/mas/mdf-wc/dist/config/wfn-config-1.33.6.js:1
[    1627ms] [WARNING] document.domain mutation is ignored because the surrounding agent cluster is origin-keyed. @ https://workforcenow.adp.com/mascsr/default/mdf/recruitment/recruitment.html?cid=96e76ab8-2c7c-4b6f-86cb-cb03bcc9eeae&ccId=19000101_000003&lang=en_US:130
[    1628ms] [LOG] mdfLoader.loadStyleSheet(): LOADING [/mascsr/default/mdf/recruitment/styles/recruitment.9435522dae2c6de7.css] @ https://workforcenow.adp.com/mascsr/default/mdf/recruitment/recruitment.html?cid=96e76ab8-2c7c-4b6f-86cb-cb03bcc9eeae&ccId=19000101_000003&lang=en_US:313
[    1628ms] [LOG] mdfLoader.loadScript(): LOADING [/mascsr/default/mdf/recruitment/recruitment.9435522dae2c6de7.js] @ https://workforcenow.adp.com/mascsr/default/mdf/recruitment/recruitment.html?cid=96e76ab8-2c7c-4b6f-86cb-cb03bcc9eeae&ccId=19000101_000003&lang=en_US:353
[    1628ms] [LOG] mdfLoader.loadScript(): LOADING [/mascsr/default/mdf/recruitment/config-loader.js] @ https://workforcenow.adp.com/mascsr/default/mdf/recruitment/recruitment.html?cid=96e76ab8-2c7c-4b6f-86cb-cb03bcc9eeae&ccId=19000101_000003&lang=en_US:353
[    1628ms] [LOG] mdfLoader.loadScript(): LOADING [/mascsr/default/mdf/recruitment/detectizr.min.js] @ https://workforcenow.adp.com/mascsr/default/mdf/recruitment/recruitment.html?cid=96e76ab8-2c7c-4b6f-86cb-cb03bcc9eeae&ccId=19000101_000003&lang=en_US:353
[    1628ms] [LOG] mdfLoader.loadScript(): LOADING [/mascsr/default/mdf/recruitment/modernizr.min.js] @ https://workforcenow.adp.com/mascsr/default/mdf/recruitment/recruitment.html?cid=96e76ab8-2c7c-4b6f-86cb-cb03bcc9eeae&ccId=19000101_000003&lang=en_US:353
[    1628ms] [LOG] mdfLoader.loadScript(): LOADING [/mascsr/default/mdf/recruitment/browser.js] @ https://workforcenow.adp.com/mascsr/default/mdf/recruitment/recruitment.html?cid=96e76ab8-2c7c-4b6f-86cb-cb03bcc9eeae&ccId=19000101_000003&lang=en_US:353
[    1628ms] [LOG] mdfLoader.loadScript(): LOADING [https://apis.google.com/js/api.js] @ https://workforcenow.adp.com/mascsr/default/mdf/recruitment/recruitment.html?cid=96e76ab8-2c7c-4b6f-86cb-cb03bcc9eeae&ccId=19000101_000003&lang=en_US:353
[    1994ms] [WARNING] WFNConfig.initialize(): Initializing locale. @ https://static.workforcenow.adp.com/mas/mdf-wc/dist/config/wfn-config-1.33.6.js:1
[    1994ms] [WARNING] WFNConfig.initialize(): translations initialized. locale = en-us @ https://static.workforcenow.adp.com/mas/mdf-wc/dist/config/wfn-config-1.33.6.js:1
[    1996ms] [LOG] i18n.LocaleHelper.setLocale(): User's locale is now en-us @ https://static.workforcenow.adp.com/mas/mdf-wc/dist/config/wfn-config-1.33.6.js:1
[    1997ms] [LOG] i18n.LocaleHelper.setLocale(): User's locale is now en-us @ https://static.workforcenow.adp.com/mas/mdf-wc/dist/config/wfn-config-1.33.6.js:1
[    2002ms] [LOG] Error @ https://workforcenow.adp.com/inc/js/lib/6a8f894227f41759348779077d1e5851.js?store=AACQMemeAQAAf3O2iV1ynRngWNb5AgIJfiqLI4PuWqzALJNRnirTkb9Lq5A-&X-zuY25QsG--z=q:0
[    2580ms] [LOG] LocaleHelper.setLocale(): User's locale is now en-us @ https://static.workforcenow.adp.com/mas/mdf/26.23.14/mdfCore.js:2
[    2580ms] [LOG] LocaleHelper.setLocale(): User's locale is now en-us @ https://static.workforcenow.adp.com/mas/mdf/26.23.14/mdfCore.js:2
[    2581ms] [LOG] MDFComponents.register(): Registering components. @ https://static.workforcenow.adp.com/mas/mdf-components/26.23.15/mdfComponents.js:322
[    2581ms] [INFO] RendererManager.registerRenderer(): The renderer for view [MDFGrid] is being replaced. @ https://static.workforcenow.adp.com/mas/mdf/26.23.14/mdfCore.js:2
[    2581ms] [INFO] RendererManager.registerRenderer(): The renderer for view [MDFSpreadSheet] is being replaced. @ https://static.workforcenow.adp.com/mas/mdf/26.23.14/mdfCore.js:2
[    2581ms] [INFO] RendererManager.registerRenderer(): The renderer for view [WfnInfiniteList] is being replaced. @ https://static.workforcenow.adp.com/mas/mdf/26.23.14/mdfCore.js:2
[    2582ms] [LOG] MDFComponents.register(): Components registered. @ https://static.workforcenow.adp.com/mas/mdf-components/26.23.15/mdfComponents.js:322
[    2583ms] [WARNING] MDFCore.createApplication(): Creating application recruitmentLandingPageView. @ https://static.workforcenow.adp.com/mas/mdf/26.23.14/mdfCore.js:2
[    2594ms] [WARNING] Application.useEffect(): Mounting recruitmentLandingPageView at node recruitment_root @ https://static.workforcenow.adp.com/mas/mdf/26.23.14/mdfCore.js:2
[    2712ms] [LOG] setupPendo(): Document is ready. @ https://workforcenow.adp.com/mascsr/default/mdf/recruitment/recruitment.9435522dae2c6de7.js?cid=96e76ab8-2c7c-4b6f-86cb-cb03bcc9eeae:0
[    2917ms] [LOG] setupPendo(): Initializing Pendo. @ https://workforcenow.adp.com/mascsr/default/mdf/recruitment/recruitment.9435522dae2c6de7.js?cid=96e76ab8-2c7c-4b6f-86cb-cb03bcc9eeae:0
