[    1040ms] [LOG] JQMIGRATE: Migrate is installed, version 3.3.0 @ https://hcm55.sapsf.eu/verp/vmod_v1/ui/extlib/jquery_3.5.1/jquery.js:4
[    1041ms] [LOG] JQMIGRATE: Migrate plugin loaded multiple times @ https://hcm55.sapsf.eu/verp/vmod_v1/ui/extlib/jquery_3.5.1/jquery-migrate.js:1
[    1041ms] [LOG] JQMIGRATE: Migrate is installed, version 3.3.0 @ https://hcm55.sapsf.eu/verp/vmod_v1/ui/extlib/jquery_3.5.1/jquery-migrate.js:1
[    2726ms] [WARNING] [@xweb/core-utils/util/pageMetaData] Initiating polling for pageInfo, this is a potential performance issue @ https://hcm55.sapsf.eu/verp/vmod_3/ui/rmk-jobs-search/resources_4.71.1/static/js/main.10286f7e.js:1
[    2728ms] [LOG] [@xweb/core-utils/src/util/PerfPhase] TRS: 2728 ms (1800 ms) @ https://hcm55.sapsf.eu/verp/vmod_3/ui/rmk-jobs-search/resources_4.71.1/static/js/main.10286f7e.js:1
[    2734ms] [LOG] getJobMatchingSkills input: [] @ https://hcm55.sapsf.eu/verp/vmod_3/ui/rmk-jobs-search/resources_4.71.1/static/js/main.10286f7e.js:1
[    2734ms] [LOG] getJobMatchingSkills output: [] @ https://hcm55.sapsf.eu/verp/vmod_3/ui/rmk-jobs-search/resources_4.71.1/static/js/main.10286f7e.js:1
[    2739ms] [INFO] [xweb/rmk-jobs-search] --------------------------------------------- @ https://hcm55.sapsf.eu/verp/vmod_3/ui/rmk-jobs-search/resources_4.71.1/static/js/main.10286f7e.js:1
[    2739ms] [INFO] [xweb/rmk-jobs-search] app name: xweb/rmk-jobs-search @ https://hcm55.sapsf.eu/verp/vmod_3/ui/rmk-jobs-search/resources_4.71.1/static/js/main.10286f7e.js:1
[    2739ms] [INFO] [xweb/rmk-jobs-search] app environment: production @ https://hcm55.sapsf.eu/verp/vmod_3/ui/rmk-jobs-search/resources_4.71.1/static/js/main.10286f7e.js:1
[    2739ms] [INFO] [xweb/rmk-jobs-search] app version: 4.71.1
 @ https://hcm55.sapsf.eu/verp/vmod_3/ui/rmk-jobs-search/resources_4.71.1/static/js/main.10286f7e.js:1
[    2739ms] [INFO] [xweb/rmk-jobs-search] app build str:  @ https://hcm55.sapsf.eu/verp/vmod_3/ui/rmk-jobs-search/resources_4.71.1/static/js/main.10286f7e.js:1
[    2739ms] [INFO] [xweb/rmk-jobs-search] --------------------------------------------- @ https://hcm55.sapsf.eu/verp/vmod_3/ui/rmk-jobs-search/resources_4.71.1/static/js/main.10286f7e.js:1
[    2741ms] [INFO] [xweb/rmk-jobs-search] init odata request: baseURL: undefined useBatch: false timeout: 25000 mock: false @ https://hcm55.sapsf.eu/verp/vmod_3/ui/rmk-jobs-search/resources_4.71.1/static/js/main.10286f7e.js:1
[    2741ms] [INFO] [xweb/rmk-jobs-search] init http request: baseURL: undefined timeout: 25000 mock: false @ https://hcm55.sapsf.eu/verp/vmod_3/ui/rmk-jobs-search/resources_4.71.1/static/js/main.10286f7e.js:1
[    2741ms] [INFO] [xweb/rmk-jobs-search] init ui5 with config: theme sap_horizon language: undefined @ https://hcm55.sapsf.eu/verp/vmod_3/ui/rmk-jobs-search/resources_4.71.1/static/js/main.10286f7e.js:1
[    2741ms] [INFO] [xweb/rmk-jobs-search] widgetParams: {"widgetName":"xweb/rmk-jobs-search","widgetRenderId":"jobSearch_j_id1","uiComponentName":"jobSearch"} @ https://hcm55.sapsf.eu/verp/vmod_3/ui/rmk-jobs-search/resources_4.71.1/static/js/main.10286f7e.js:1
[    2741ms] [INFO] [xweb/rmk-jobs-search] app initialized @ https://hcm55.sapsf.eu/verp/vmod_3/ui/rmk-jobs-search/resources_4.71.1/static/js/main.10286f7e.js:1
[    2742ms] [INFO] [xweb/rmk-jobs-search] app mounted @ https://hcm55.sapsf.eu/verp/vmod_3/ui/rmk-jobs-search/resources_4.71.1/static/js/main.10286f7e.js:1
[    2742ms] [INFO] [xweb/rmk-jobs-search] app started @ https://hcm55.sapsf.eu/verp/vmod_3/ui/rmk-jobs-search/resources_4.71.1/static/js/main.10286f7e.js:1
