[     426ms] [ERROR] Failed to load resource: the server responded with a status of 404 (Not Found) @ https://online.adp.com/inc/js/lib/6a8f894227f41759348779077d1e5851.js:0
[     555ms] [LOG] myJobs version: 2026.19.0+3.decb073 @ https://myjobs.cf.adp.com/main.902e650cdd807c2b.js:0
[     625ms] [LOG] Core SynerG Components are ready with the default theme @ https://myjobs.adp.com/sempra?c=2168707:36
[     723ms] [LOG] SynerG Extensions Components are ready with the default theme @ https://myjobs.adp.com/sempra?c=2168707:43
[     723ms] [LOG] Both libraries are ready @ https://myjobs.adp.com/sempra?c=2168707:47
[    2087ms] [LOG] myadp-barbecue-loader - (0ms) - preFetchConfig @ https://static.adp.com/static/redbox/barbecue/myadp-barbecue-loader.js?1782077678444:0
[    2087ms] [LOG] myadp-barbecue-loader - (0ms) - makeHttpRequest https://static.adp.com/static/redbox/ext/config/config.js?26.22.60 @ https://static.adp.com/static/redbox/barbecue/myadp-barbecue-loader.js?1782077678444:0
[    2087ms] [LOG] myadp-barbecue-loader - (1ms) - init @ https://static.adp.com/static/redbox/barbecue/myadp-barbecue-loader.js?1782077678444:0
[    2088ms] [LOG] myadp-barbecue-loader - (1ms) - fetchActingSessionId @ https://static.adp.com/static/redbox/barbecue/myadp-barbecue-loader.js?1782077678444:0
[    2088ms] [LOG] myadp-barbecue-loader - (1ms) - Versions Disabled by barbecueDisableVersion {barbecueDisableVersion: true} @ https://static.adp.com/static/redbox/barbecue/myadp-barbecue-loader.js?1782077678444:0
[    2088ms] [LOG] myadp-barbecue-loader - (2ms) - loadAppVersionedConfig @ https://static.adp.com/static/redbox/barbecue/myadp-barbecue-loader.js?1782077678444:0
[    2088ms] [LOG] myadp-barbecue-loader - (2ms) - addScript - https://static.adp.com/static/redbox/ext/config/config.js @ https://static.adp.com/static/redbox/barbecue/myadp-barbecue-loader.js?1782077678444:0
[    2108ms] [LOG] myadp-barbecue-loader - (21ms) - addScript - https://static.adp.com/static/redbox/barbecue/barbecue.js @ https://static.adp.com/static/redbox/barbecue/myadp-barbecue-loader.js?1782077678444:0
[    2108ms] [LOG] myadp-barbecue-loader - (22ms) - loadAppVersionedConfig - done @ https://static.adp.com/static/redbox/barbecue/myadp-barbecue-loader.js?1782077678444:0
[    2127ms] [LOG] myadp-barbecue-loader - (40ms) - preFetchVersion @ https://static.adp.com/static/redbox/barbecue/myadp-barbecue-loader.js?1782077678444:0
[    2265ms] [WARNING] vendor.js - MyADP Barbecue - Skipped Zone.js loading, it is already loaded. Hope the version is compatible! @ https://static.adp.com/static/redbox/barbecue/barbecue-chunk-f3636dec70f55b83ed26.js:0
[    2409ms] [ERROR] openadp.common.web.storage.CacheInitService failed to init cache persistence Error: associateoid is not available in bbq public mode
    at get associateoid (https://static.adp.com/static/redbox/barbecue/barbecue-chunk-682b04c118f81b2dd53e.js:2:837622)
    at https://static.adp.com/static/redbox/barbecue/barbecue-chunk-682b04c118f81b2dd53e.js:2:1629685
    at Array.reduce (<anonymous>)
    at o.get (https://static.adp.com/static/redbox/barbecue/barbecue-chunk-682b04c118f81b2dd53e.js:2:1629579)
    at https://static.adp.com/static/redbox/barbecue/barbecue-chunk-682b04c118f81b2dd53e.js:2:924954
    at h.invoke (https://myjobs.cf.adp.com/polyfills.d1049113254e70ac.js:1:17764)
    at Object.onInvoke (https://static.adp.com/static/redbox/barbecue/barbecue-chunk-682b04c118f81b2dd53e.js:2:92658)
    at h.invoke (https://myjobs.cf.adp.com/polyfills.d1049113254e70ac.js:1:17704)
    at h.run (https://myjobs.cf.adp.com/polyfills.d1049113254e70ac.js:1:12803)
    at https://myjobs.cf.adp.com/polyfills.d1049113254e70ac.js:1:28691 @ https://static.adp.com/static/redbox/barbecue/barbecue-chunk-682b04c118f81b2dd53e.js:1
[    2781ms] [ERROR] Access to XMLHttpRequest at 'https://online.adp.com/olp/login.html?TYPE=33554433&REALMOID=06-12008999-13d9-101c-b429-850fa3860000&GUID=&SMAUTHREASON=0&METHOD=GET&SMAGENTNAME=-SM-Ad7F58y49F1gtWHUgxNS35NSsYHZjdYLb4pKxbexRx%2bVJG%2fcfSxkF01PEP4I1vCaDGJDzlhURQLDktcEofdboP%2fhcOVtYAq9&TARGET=-SM-HTTPS%3a%2f%2fmy%2eadp%2ecom%2fmyadp_prefix%2fmyadpapi%2fcore%2fv1%2ffeature--flags%3fmyadpregion%3dus' (redirected from 'https://my.adp.com/myadp_prefix/myadpapi/core/v1/feature-flags?myadpregion=us') from origin 'https://myjobs.adp.com' has been blocked by CORS policy: No 'Access-Control-Allow-Origin' header is present on the requested resource. @ https://myjobs.adp.com/sempra/?c=2168707:0
[    2781ms] [ERROR] Failed to load resource: net::ERR_FAILED @ https://online.adp.com/olp/login.html?TYPE=33554433&REALMOID=06-12008999-13d9-101c-b429-850fa3860000&GUID=&SMAUTHREASON=0&METHOD=GET&SMAGENTNAME=-SM-Ad7F58y49F1gtWHUgxNS35NSsYHZjdYLb4pKxbexRx%2bVJG%2fcfSxkF01PEP4I1vCaDGJDzlhURQLDktcEofdboP%2fhcOVtYAq9&TARGET=-SM-HTTPS%3a%2f%2fmy%2eadp%2ecom%2fmyadp_prefix%2fmyadpapi%2fcore%2fv1%2ffeature--flags%3fmyadpregion%3dus:0
[    2782ms] [ERROR] myadp.pure-web.common.core.services.FeatureToggleService FeatureToggleService.fetchFeatureFlag(myadp-new-ag-grid-styles): {"status":0,"statusText":"Unknown Error","headers":{},"data":{"isTrusted":true}} @ https://static.adp.com/static/redbox/barbecue/barbecue-chunk-682b04c118f81b2dd53e.js:1
[    2916ms] [ERROR] Error retrieving job-applicant @ https://myjobs.cf.adp.com/main.902e650cdd807c2b.js:0
[    3090ms] [LOG] Initialization done @ https://myjobs.cf.adp.com/main.902e650cdd807c2b.js:0
[    3094ms] [LOG] AppComponent isImpersonating = false @ https://myjobs.cf.adp.com/main.902e650cdd807c2b.js:0
[    3127ms] [ERROR] ERROR TypeError: Cannot read properties of null (reading 'meta')
    at https://myjobs.cf.adp.com/main.902e650cdd807c2b.js:1:1512591
    at https://myjobs.cf.adp.com/main.902e650cdd807c2b.js:1:2367022
    at y._next (https://myjobs.cf.adp.com/main.902e650cdd807c2b.js:1:2366189)
    at y.next (https://myjobs.cf.adp.com/main.902e650cdd807c2b.js:1:2359559)
    at subscribe.G (https://myjobs.cf.adp.com/main.902e650cdd807c2b.js:1:2369273)
    at y._next (https://myjobs.cf.adp.com/main.902e650cdd807c2b.js:1:2366189)
    at y.next (https://myjobs.cf.adp.com/main.902e650cdd807c2b.js:1:2359559)
    at re._subscribe (https://myjobs.cf.adp.com/main.902e650cdd807c2b.js:1:2365024)
    at re._trySubscribe (https://myjobs.cf.adp.com/main.902e650cdd807c2b.js:1:2356183)
    at https://myjobs.cf.adp.com/main.902e650cdd807c2b.js:1:2356125 @ https://myjobs.cf.adp.com/main.902e650cdd807c2b.js:0
[    3435ms] [WARNING] Google Maps JavaScript API has been loaded directly without loading=async. This can result in suboptimal performance. For best-practice loading patterns please see https://goo.gle/js-api-loading @ https://maps.googleapis.com/maps/api/js?libraries=places,geometry&key=AIzaSyA_EGkaKdCg3HbFzFf-r62H5l0xVctXdLE&language=en&callback=cxInit:1533
[    3972ms] [ERROR] Property validation failed for Button. "none" is not a valid value for "emphasis" @ https://synerg.adp.com/synerg-web-components/p-29d4f695.js:0
[    3972ms] [ERROR] Property validation failed for Button. "none" is not a valid value for "emphasis" @ https://synerg.adp.com/synerg-web-components/p-29d4f695.js:0
[    3972ms] [ERROR] Property validation failed for Button. "none" is not a valid value for "emphasis" @ https://synerg.adp.com/synerg-web-components/p-29d4f695.js:0
[    3972ms] [ERROR] Property validation failed for Button. "none" is not a valid value for "emphasis" @ https://synerg.adp.com/synerg-web-components/p-29d4f695.js:0
[    3973ms] [ERROR] Property validation failed for Button. "none" is not a valid value for "emphasis" @ https://synerg.adp.com/synerg-web-components/p-29d4f695.js:0
[    4777ms] [ERROR] Access to XMLHttpRequest at 'https://online.adp.com/olp/login.html?TYPE=33554433&REALMOID=06-12008999-13d9-101c-b429-850fa3860000&GUID=&SMAUTHREASON=0&METHOD=POST&SMAGENTNAME=-SM-mw60tetWyRRQdsU%2f%2fthyts4xfI%2bMhpks3XupfCSZkXM32yM7fe4hcLmiuNxnGi%2b7OsX9%2bdcYLvceJOeV8zB%2b8gdZcZAscWL2&TARGET=-SM-https%3a%2f%2fmy%2eadp%2ecom%2fmyadp_prefix%2fcore%2fv1%2flogger%2fingest' (redirected from 'https://my.adp.com/myadp_prefix/core/v1/logger/ingest') from origin 'https://myjobs.adp.com' has been blocked by CORS policy: No 'Access-Control-Allow-Origin' header is present on the requested resource. @ https://myjobs.adp.com/sempra/cx?c=2168707:0
[    4780ms] [ERROR] Failed to load resource: net::ERR_FAILED @ https://online.adp.com/olp/login.html?TYPE=33554433&REALMOID=06-12008999-13d9-101c-b429-850fa3860000&GUID=&SMAUTHREASON=0&METHOD=POST&SMAGENTNAME=-SM-mw60tetWyRRQdsU%2f%2fthyts4xfI%2bMhpks3XupfCSZkXM32yM7fe4hcLmiuNxnGi%2b7OsX9%2bdcYLvceJOeV8zB%2b8gdZcZAscWL2&TARGET=-SM-https%3a%2f%2fmy%2eadp%2ecom%2fmyadp_prefix%2fcore%2fv1%2flogger%2fingest:0
[  109236ms] [ERROR] Failed to load resource: net::ERR_INTERNET_DISCONNECTED @ https://www.youtube.com/generate_204:0
[  123507ms] [ERROR] Failed to load resource: net::ERR_INTERNET_DISCONNECTED @ https://www.youtube.com/generate_204:0
[  153514ms] [ERROR] Failed to load resource: net::ERR_INTERNET_DISCONNECTED @ https://www.youtube.com/generate_204:0
[  183525ms] [ERROR] Failed to load resource: net::ERR_INTERNET_DISCONNECTED @ https://www.youtube.com/generate_204:0
[  213533ms] [ERROR] Failed to load resource: net::ERR_INTERNET_DISCONNECTED @ https://www.youtube.com/generate_204:0
