[     212ms] [ERROR] Failed to load resource: the server responded with a status of 404 () @ https://www.ibm.com/content/adobe-cms/us/en/careers/search/jcr:content/root/leadspace_container/leadspace/image.coreimg.jpeg/1776848336871/search_leadspace.png:0
[     580ms] [WARNING] Warning: c4d-masthead's "navLinks" property is deprecated. Use "l0Data" property instead. @ https://www.ibm.com/etc.clientlibs/adobe-cms/clientlibs/clientlib-masthead-container.lc-77093780f8de7b2544462ac5bafdd6a5-lc.min.js:1272
[     580ms] [WARNING] Warning: c4d-masthead's "navLinks" property is deprecated. Use "l0Data" property instead. @ https://www.ibm.com/etc.clientlibs/adobe-cms/clientlibs/clientlib-masthead-container.lc-77093780f8de7b2544462ac5bafdd6a5-lc.min.js:1272
[     602ms] [WARNING] Warning: c4d-masthead's "navLinks" property is deprecated. Use "l0Data" property instead. @ https://www.ibm.com/etc.clientlibs/adobe-cms/clientlibs/clientlib-masthead-container.lc-77093780f8de7b2544462ac5bafdd6a5-lc.min.js:1272
[     603ms] [WARNING] Warning: c4d-masthead's "navLinks" property is deprecated. Use "l0Data" property instead. @ https://www.ibm.com/etc.clientlibs/adobe-cms/clientlibs/clientlib-masthead-container.lc-77093780f8de7b2544462ac5bafdd6a5-lc.min.js:1272
[     603ms] [WARNING] Warning: c4d-masthead's "navLinks" property is deprecated. Use "l0Data" property instead. @ https://www.ibm.com/etc.clientlibs/adobe-cms/clientlibs/clientlib-masthead-container.lc-77093780f8de7b2544462ac5bafdd6a5-lc.min.js:1272
[     603ms] [WARNING] Warning: c4d-masthead's "navLinks" property is deprecated. Use "l0Data" property instead. @ https://www.ibm.com/etc.clientlibs/adobe-cms/clientlibs/clientlib-masthead-container.lc-77093780f8de7b2544462ac5bafdd6a5-lc.min.js:1272
[     603ms] [WARNING] Warning: c4d-masthead's "navLinks" property is deprecated. Use "l0Data" property instead. @ https://www.ibm.com/etc.clientlibs/adobe-cms/clientlibs/clientlib-masthead-container.lc-77093780f8de7b2544462ac5bafdd6a5-lc.min.js:1272
[     603ms] [WARNING] Warning: c4d-masthead's "navLinks" property is deprecated. Use "l0Data" property instead. @ https://www.ibm.com/etc.clientlibs/adobe-cms/clientlibs/clientlib-masthead-container.lc-77093780f8de7b2544462ac5bafdd6a5-lc.min.js:1272
[     618ms] [WARNING] Attempting to re-define cds-button @ https://www.ibm.com/etc.clientlibs/adobe-cms/clientlibs/clientlib-button-group.lc-cb0cd7b0d9fdb71d56b96d11db002cd5-lc.min.js:1
[     618ms] [WARNING] Attempting to re-define c4d-button @ https://www.ibm.com/etc.clientlibs/adobe-cms/clientlibs/clientlib-button-group.lc-cb0cd7b0d9fdb71d56b96d11db002cd5-lc.min.js:1
[     624ms] [WARNING] Attempting to re-define c4d-expressive-modal @ https://www.ibm.com/etc.clientlibs/adobe-cms/clientlibs/clientlib-background-media.lc-b842aca4907bcc8bcae6feaa08926337-lc.min.js:1
[     624ms] [WARNING] Attempting to re-define cds-modal-close-button @ https://www.ibm.com/etc.clientlibs/adobe-cms/clientlibs/clientlib-background-media.lc-b842aca4907bcc8bcae6feaa08926337-lc.min.js:1
[     624ms] [WARNING] Attempting to re-define c4d-expressive-modal-close-button @ https://www.ibm.com/etc.clientlibs/adobe-cms/clientlibs/clientlib-background-media.lc-b842aca4907bcc8bcae6feaa08926337-lc.min.js:1
[     624ms] [WARNING] Attempting to re-define c4d-lightbox-image-viewer @ https://www.ibm.com/etc.clientlibs/adobe-cms/clientlibs/clientlib-background-media.lc-b842aca4907bcc8bcae6feaa08926337-lc.min.js:1
[     625ms] [WARNING] Attempting to re-define cds-button @ https://www.ibm.com/etc.clientlibs/adobe-cms/clientlibs/clientlib-background-media.lc-b842aca4907bcc8bcae6feaa08926337-lc.min.js:1
[     625ms] [WARNING] Attempting to re-define c4d-button @ https://www.ibm.com/etc.clientlibs/adobe-cms/clientlibs/clientlib-background-media.lc-b842aca4907bcc8bcae6feaa08926337-lc.min.js:1
[     625ms] [WARNING] Attempting to re-define c4d-image @ https://www.ibm.com/etc.clientlibs/adobe-cms/clientlibs/clientlib-background-media.lc-b842aca4907bcc8bcae6feaa08926337-lc.min.js:1
[     628ms] [LOG] false @ https://www.ibm.com/etc.clientlibs/adobe-cms/clientlibs/clientlib-background-media.lc-b842aca4907bcc8bcae6feaa08926337-lc.min.js:295
[     634ms] [WARNING] Attempting to re-define cds-link @ https://www.ibm.com/etc.clientlibs/adobe-cms/clientlibs/clientlib-link-list.lc-1b40a421b908638806a9252368dc1575-lc.min.js:1
[     647ms] [WARNING] Attempting to re-define cds-link @ https://www.ibm.com/etc.clientlibs/adobe-cms/clientlibs/clientlib-cta-block.lc-afd59afd6e34bb7bfe0bf1c83f26d675-lc.min.js:1
[     651ms] [WARNING] Attempting to re-define c4d-link-with-icon @ https://www.ibm.com/etc.clientlibs/adobe-cms/clientlibs/clientlib-cta-block.lc-afd59afd6e34bb7bfe0bf1c83f26d675-lc.min.js:1
[     652ms] [WARNING] Attempting to re-define cds-button @ https://www.ibm.com/etc.clientlibs/adobe-cms/clientlibs/clientlib-cta-block.lc-afd59afd6e34bb7bfe0bf1c83f26d675-lc.min.js:1
[     652ms] [WARNING] Attempting to re-define c4d-button @ https://www.ibm.com/etc.clientlibs/adobe-cms/clientlibs/clientlib-cta-block.lc-afd59afd6e34bb7bfe0bf1c83f26d675-lc.min.js:1
[     652ms] [WARNING] Attempting to re-define c4d-button-group @ https://www.ibm.com/etc.clientlibs/adobe-cms/clientlibs/clientlib-cta-block.lc-afd59afd6e34bb7bfe0bf1c83f26d675-lc.min.js:1
[     652ms] [WARNING] Attempting to re-define c4d-button-group-item @ https://www.ibm.com/etc.clientlibs/adobe-cms/clientlibs/clientlib-cta-block.lc-afd59afd6e34bb7bfe0bf1c83f26d675-lc.min.js:1
[     653ms] [WARNING] The cta-block component has been deprecated in favor of the content-section/block and content-item components. See content-section/block and content-items documentation for more information. @ https://www.ibm.com/etc.clientlibs/adobe-cms/clientlibs/clientlib-cta-block.lc-afd59afd6e34bb7bfe0bf1c83f26d675-lc.min.js:210
[     653ms] [WARNING] The cta-block-item-row component has been deprecated in favor of the content-section/block and content-item components. See content-section/block and content-items documentation for more information. @ https://www.ibm.com/etc.clientlibs/adobe-cms/clientlibs/clientlib-cta-block.lc-afd59afd6e34bb7bfe0bf1c83f26d675-lc.min.js:210
[     655ms] [WARNING] The cta-block-item component has been deprecated in favor of the content-section/block and content-item components. See content-section/block and content-items documentation for more information. @ https://www.ibm.com/etc.clientlibs/adobe-cms/clientlibs/clientlib-cta-block.lc-afd59afd6e34bb7bfe0bf1c83f26d675-lc.min.js:230
[     657ms] [WARNING] The c4d-feature-cta component has been deprecated. All its features have been absorbed into
  the base c4d-feature-card component. See migration guide for more information. @ https://www.ibm.com/etc.clientlibs/adobe-cms/clientlibs/clientlib-cta-block.lc-afd59afd6e34bb7bfe0bf1c83f26d675-lc.min.js:239
[     682ms] [WARNING] Attempting to re-define cds-button @ https://www.ibm.com/etc.clientlibs/adobe-cms/clientlibs/clientlib-cibm-cta.lc-f0cf4ba6839d4728f28421f230b806ae-lc.min.js:1
[     682ms] [WARNING] Attempting to re-define c4d-button @ https://www.ibm.com/etc.clientlibs/adobe-cms/clientlibs/clientlib-cibm-cta.lc-f0cf4ba6839d4728f28421f230b806ae-lc.min.js:1
[     683ms] [WARNING] Attempting to re-define c4d-button-group-item @ https://www.ibm.com/etc.clientlibs/adobe-cms/clientlibs/clientlib-cibm-cta.lc-f0cf4ba6839d4728f28421f230b806ae-lc.min.js:1
[     683ms] [WARNING] The c4d-buton-cta component has been deprecated. All its features have been absorbed into
  the base c4d-button component. See migration guide for more information. @ https://www.ibm.com/etc.clientlibs/adobe-cms/clientlibs/clientlib-cibm-cta.lc-f0cf4ba6839d4728f28421f230b806ae-lc.min.js:79
[     683ms] [WARNING] Attempting to re-define cds-link @ https://www.ibm.com/etc.clientlibs/adobe-cms/clientlibs/clientlib-cibm-cta.lc-f0cf4ba6839d4728f28421f230b806ae-lc.min.js:1
[     683ms] [WARNING] Attempting to re-define c4d-expressive-modal @ https://www.ibm.com/etc.clientlibs/adobe-cms/clientlibs/clientlib-cibm-cta.lc-f0cf4ba6839d4728f28421f230b806ae-lc.min.js:1
[     683ms] [WARNING] Attempting to re-define cds-modal-close-button @ https://www.ibm.com/etc.clientlibs/adobe-cms/clientlibs/clientlib-cibm-cta.lc-f0cf4ba6839d4728f28421f230b806ae-lc.min.js:1
[     683ms] [WARNING] Attempting to re-define c4d-expressive-modal-close-button @ https://www.ibm.com/etc.clientlibs/adobe-cms/clientlibs/clientlib-cibm-cta.lc-f0cf4ba6839d4728f28421f230b806ae-lc.min.js:1
[     683ms] [WARNING] Attempting to re-define c4d-lightbox-image-viewer @ https://www.ibm.com/etc.clientlibs/adobe-cms/clientlibs/clientlib-cibm-cta.lc-f0cf4ba6839d4728f28421f230b806ae-lc.min.js:1
[     684ms] [WARNING] Attempting to re-define c4d-image @ https://www.ibm.com/etc.clientlibs/adobe-cms/clientlibs/clientlib-cibm-cta.lc-f0cf4ba6839d4728f28421f230b806ae-lc.min.js:1
[     684ms] [WARNING] Attempting to re-define c4d-link-with-icon @ https://www.ibm.com/etc.clientlibs/adobe-cms/clientlibs/clientlib-cibm-cta.lc-f0cf4ba6839d4728f28421f230b806ae-lc.min.js:1
[     684ms] [WARNING] The c4d-card-cta component has been deprecated. All its features have been absorbed into
  the base c4d-card component. See migration guide for more information. @ https://www.ibm.com/etc.clientlibs/adobe-cms/clientlibs/clientlib-cibm-cta.lc-f0cf4ba6839d4728f28421f230b806ae-lc.min.js:359
[     684ms] [WARNING] The card-link component has been deprecated in favor of the card (link variant) component. See card documentation for more information. @ https://www.ibm.com/etc.clientlibs/adobe-cms/clientlibs/clientlib-cibm-cta.lc-f0cf4ba6839d4728f28421f230b806ae-lc.min.js:359
[     684ms] [WARNING] The c4d-feature-cta component has been deprecated. All its features have been absorbed into
  the base c4d-feature-card component. See migration guide for more information. @ https://www.ibm.com/etc.clientlibs/adobe-cms/clientlibs/clientlib-cibm-cta.lc-f0cf4ba6839d4728f28421f230b806ae-lc.min.js:379
[     684ms] [WARNING] Attempting to re-define c4d-text-cta @ https://www.ibm.com/etc.clientlibs/adobe-cms/clientlibs/clientlib-cibm-cta.lc-f0cf4ba6839d4728f28421f230b806ae-lc.min.js:1
[     684ms] [WARNING] The c4d-feature-cta component has been deprecated. All its features have been absorbed into
  the base c4d-feature-card component. See migration guide for more information. @ https://www.ibm.com/etc.clientlibs/adobe-cms/clientlibs/clientlib-cibm-cta.lc-f0cf4ba6839d4728f28421f230b806ae-lc.min.js:383
[     684ms] [WARNING] Attempting to re-define c4d-video-player-v7 @ https://www.ibm.com/etc.clientlibs/adobe-cms/clientlibs/clientlib-cibm-cta.lc-f0cf4ba6839d4728f28421f230b806ae-lc.min.js:1
[     685ms] [WARNING] Attempting to re-define c4d-video-player-composite-v7 @ https://www.ibm.com/etc.clientlibs/adobe-cms/clientlibs/clientlib-cibm-cta.lc-f0cf4ba6839d4728f28421f230b806ae-lc.min.js:1
[     685ms] [WARNING] Attempting to re-define c4d-video-player-container-v7 @ https://www.ibm.com/etc.clientlibs/adobe-cms/clientlibs/clientlib-cibm-cta.lc-f0cf4ba6839d4728f28421f230b806ae-lc.min.js:1
[     685ms] [WARNING] Attempting to re-define c4d-lightbox-video-player @ https://www.ibm.com/etc.clientlibs/adobe-cms/clientlibs/clientlib-cibm-cta.lc-f0cf4ba6839d4728f28421f230b806ae-lc.min.js:1
[     685ms] [WARNING] Attempting to re-define c4d-lightbox-video-player-composite @ https://www.ibm.com/etc.clientlibs/adobe-cms/clientlibs/clientlib-cibm-cta.lc-f0cf4ba6839d4728f28421f230b806ae-lc.min.js:1
[     686ms] [WARNING] The c4d-cta component has been deprecated in favor of the c4d-card, c4d-feature-card, c4d-link-with-icon,
  and c4d-button-group. See migration guide for more information. @ https://www.ibm.com/etc.clientlibs/adobe-cms/clientlibs/clientlib-cibm-cta.lc-f0cf4ba6839d4728f28421f230b806ae-lc.min.js:508
[     715ms] [WARNING] Attempting to re-define cds-dropdown @ https://www.ibm.com/etc.clientlibs/adobe-cms/clientlibs/clientlib-footer.lc-315849e31abb7f216a94291f369bc67b-lc.min.js:1
[     716ms] [WARNING] Attempting to re-define c4d-expressive-modal @ https://www.ibm.com/etc.clientlibs/adobe-cms/clientlibs/clientlib-footer.lc-315849e31abb7f216a94291f369bc67b-lc.min.js:1
[     716ms] [WARNING] Attempting to re-define cds-modal-close-button @ https://www.ibm.com/etc.clientlibs/adobe-cms/clientlibs/clientlib-footer.lc-315849e31abb7f216a94291f369bc67b-lc.min.js:1
[     716ms] [WARNING] Attempting to re-define c4d-expressive-modal-close-button @ https://www.ibm.com/etc.clientlibs/adobe-cms/clientlibs/clientlib-footer.lc-315849e31abb7f216a94291f369bc67b-lc.min.js:1
[     716ms] [WARNING] Attempting to re-define cds-link @ https://www.ibm.com/etc.clientlibs/adobe-cms/clientlibs/clientlib-footer.lc-315849e31abb7f216a94291f369bc67b-lc.min.js:1
[     716ms] [WARNING] Attempting to re-define c4d-link-with-icon @ https://www.ibm.com/etc.clientlibs/adobe-cms/clientlibs/clientlib-footer.lc-315849e31abb7f216a94291f369bc67b-lc.min.js:1
[     717ms] [WARNING] Attempting to re-define c4d-card @ https://www.ibm.com/etc.clientlibs/adobe-cms/clientlibs/clientlib-footer.lc-315849e31abb7f216a94291f369bc67b-lc.min.js:1
[     717ms] [WARNING] Attempting to re-define c4d-card-heading @ https://www.ibm.com/etc.clientlibs/adobe-cms/clientlibs/clientlib-footer.lc-315849e31abb7f216a94291f369bc67b-lc.min.js:1
[     717ms] [WARNING] Attempting to re-define c4d-card-footer @ https://www.ibm.com/etc.clientlibs/adobe-cms/clientlibs/clientlib-footer.lc-315849e31abb7f216a94291f369bc67b-lc.min.js:1
[     726ms] [WARNING] <c4d-footer>: locale-button slot is deprecated and will be removed. @ https://www.ibm.com/etc.clientlibs/adobe-cms/clientlibs/clientlib-footer.lc-315849e31abb7f216a94291f369bc67b-lc.min.js:16
[     728ms] [ERROR] Refused to set unsafe header "origin" @ https://www.ibm.com/etc.clientlibs/adobe-cms/clientlibs/clientlib-footer.lc-315849e31abb7f216a94291f369bc67b-lc.min.js:1
[     736ms] [WARNING] Attempting to re-define c4d-expressive-modal @ https://www.ibm.com/etc.clientlibs/adobe-cms/clientlibs/clientlib-video-player-v7.lc-9cc56bcad08274395b2024f3af1b8ce5-lc.min.js:1
[     736ms] [WARNING] Attempting to re-define cds-modal-close-button @ https://www.ibm.com/etc.clientlibs/adobe-cms/clientlibs/clientlib-video-player-v7.lc-9cc56bcad08274395b2024f3af1b8ce5-lc.min.js:1
[     736ms] [WARNING] Attempting to re-define c4d-expressive-modal-close-button @ https://www.ibm.com/etc.clientlibs/adobe-cms/clientlibs/clientlib-video-player-v7.lc-9cc56bcad08274395b2024f3af1b8ce5-lc.min.js:1
[     736ms] [WARNING] Attempting to re-define c4d-lightbox-image-viewer @ https://www.ibm.com/etc.clientlibs/adobe-cms/clientlibs/clientlib-video-player-v7.lc-9cc56bcad08274395b2024f3af1b8ce5-lc.min.js:1
[     736ms] [WARNING] Attempting to re-define cds-button @ https://www.ibm.com/etc.clientlibs/adobe-cms/clientlibs/clientlib-video-player-v7.lc-9cc56bcad08274395b2024f3af1b8ce5-lc.min.js:1
[     737ms] [WARNING] Attempting to re-define c4d-button @ https://www.ibm.com/etc.clientlibs/adobe-cms/clientlibs/clientlib-video-player-v7.lc-9cc56bcad08274395b2024f3af1b8ce5-lc.min.js:1
[     737ms] [WARNING] Attempting to re-define c4d-image @ https://www.ibm.com/etc.clientlibs/adobe-cms/clientlibs/clientlib-video-player-v7.lc-9cc56bcad08274395b2024f3af1b8ce5-lc.min.js:1
[     737ms] [WARNING] Attempting to re-define c4d-video-player-v7 @ https://www.ibm.com/etc.clientlibs/adobe-cms/clientlibs/clientlib-video-player-v7.lc-9cc56bcad08274395b2024f3af1b8ce5-lc.min.js:1
[     737ms] [WARNING] Attempting to re-define c4d-video-player-composite-v7 @ https://www.ibm.com/etc.clientlibs/adobe-cms/clientlibs/clientlib-video-player-v7.lc-9cc56bcad08274395b2024f3af1b8ce5-lc.min.js:1
[     738ms] [WARNING] Attempting to re-define c4d-video-player-container-v7 @ https://www.ibm.com/etc.clientlibs/adobe-cms/clientlibs/clientlib-video-player-v7.lc-9cc56bcad08274395b2024f3af1b8ce5-lc.min.js:1
[     741ms] [WARNING] Attempting to re-define cds-popover @ https://www.ibm.com/etc.clientlibs/adobe-cms/clientlibs/clientlib-cweb-code-snippet.lc-24f99d6b7c4ddaab098e859bb80a2bd4-lc.min.js:1
[     741ms] [WARNING] Attempting to re-define cds-popover-content @ https://www.ibm.com/etc.clientlibs/adobe-cms/clientlibs/clientlib-cweb-code-snippet.lc-24f99d6b7c4ddaab098e859bb80a2bd4-lc.min.js:1
[     741ms] [WARNING] Attempting to re-define cds-tooltip @ https://www.ibm.com/etc.clientlibs/adobe-cms/clientlibs/clientlib-cweb-code-snippet.lc-24f99d6b7c4ddaab098e859bb80a2bd4-lc.min.js:1
[     741ms] [WARNING] Attempting to re-define cds-button @ https://www.ibm.com/etc.clientlibs/adobe-cms/clientlibs/clientlib-cweb-code-snippet.lc-24f99d6b7c4ddaab098e859bb80a2bd4-lc.min.js:1
[     754ms] [WARNING] Warning: c4d-masthead's "navLinks" property is deprecated. Use "l0Data" property instead. @ https://www.ibm.com/etc.clientlibs/adobe-cms/clientlibs/clientlib-masthead-container.lc-77093780f8de7b2544462ac5bafdd6a5-lc.min.js:1272
[     754ms] [WARNING] Warning: c4d-masthead's "navLinks" property is deprecated. Use "l0Data" property instead. @ https://www.ibm.com/etc.clientlibs/adobe-cms/clientlibs/clientlib-masthead-container.lc-77093780f8de7b2544462ac5bafdd6a5-lc.min.js:1272
[     763ms] [WARNING] Warning: c4d-masthead's "navLinks" property is deprecated. Use "l0Data" property instead. @ https://www.ibm.com/etc.clientlibs/adobe-cms/clientlibs/clientlib-masthead-container.lc-77093780f8de7b2544462ac5bafdd6a5-lc.min.js:1272
[     791ms] [LOG] Fetched Data: {categories: Array(1)} @ https://www.ibm.com/etc.clientlibs/adobe-cms/clientlibs/clientlib-new-design.lc-5e838b2bcba17c567d4bc7353c1b8760-lc.min.js:2
[     821ms] [LOG] Going to iterate over instancesSettings @ https://assets.adobedtm.com/0f2de1d5b89a/565c2aeb0d39/launch-560e54b3e83c.min.js:15
[     855ms] [LOG] Search insight adopter values set to {"appId":"careers","prefix":"careers"} @ https://www.ibm.com/marketplace/static/components/search/insights/ibm-search-insights.js:28
[     855ms] [LOG] Search insight adopter values set to {"appId":"careers","prefix":"careers"} @ https://www.ibm.com/marketplace/static/components/search/insights/ibm-search-insights.js:28
[     856ms] [LOG] Smartling Context Tracker is enabled. @ https://d2c7xlmseob604.cloudfront.net/tracker.min.js:0
[     950ms] ReferenceError: _N_E is not defined
    at https://www.ibm.com/marketplace/static/components/search/embedded/v2.2/pages/scoped-no-carbon.js:59:1307
    at r (https://www.ibm.com/marketplace/static/components/search/embedded/v2.2/runtime/main.js:1:1520)
    at Array.forEach (<anonymous>)
    at https://www.ibm.com/marketplace/static/components/search/embedded/v2.2/runtime/main.js:1:1659
    at https://www.ibm.com/marketplace/static/components/search/embedded/v2.2/runtime/main.js:1:1718
[    1136ms] [LOG] webchat bundle deploy timestamp 20260421-162555 @ https://1.www.s81c.com/cognitive-tooling-unified-chat/v1/webchat.bundle.js:7
[    1136ms] [LOG] webchat bundle commit 3c52727df1f39946504a17856c5d8f4f649e5ffc @ https://1.www.s81c.com/cognitive-tooling-unified-chat/v1/webchat.bundle.js:7
[    1371ms] [LOG] Page event called @ https://cloud.ibm.com/analytics/build/bluemix-analytics.min.js:1
[    5745ms] [WARNING] The resource https://www.ibm.com/content/adobe-cms/us/en/careers/search/jcr:content/root/leadspace_container/leadspace/image.coreimg.jpeg/1776848336871/search_leadspace.png was preloaded using link preload but not used within a few seconds from the window's load event. Please make sure it has an appropriate `as` value and it is preloaded intentionally. @ https://www.ibm.com/careers/search:0
[    9216ms] [WARNING] The resource https://www.ibm.com/content/adobe-cms/us/en/careers/search/jcr:content/root/leadspace_container/leadspace/image.coreimg.jpeg/1776848336871/search_leadspace.png was preloaded using link preload but not used within a few seconds from the window's load event. Please make sure it has an appropriate `as` value and it is preloaded intentionally. @ https://www.ibm.com/careers/search:0
