[     262ms] [WARNING] Incoming message ignored due to origin mismatch. @ https://jobs.bestbuy.com/scripts/dist/sp_min.jsx?v=04-29-2026_0346:66
[     471ms] missing ) after argument list
[     506ms] [LOG] amb.MessageClient [INFO] >>> connection exists, request satisfied @ https://jobs.bestbuy.com/scripts/dist/sp_min.jsx?v=04-29-2026_0346:14
[     511ms] [WARNING] <meta name="apple-mobile-web-app-capable" content="yes"> is deprecated. Please include <meta name="mobile-web-app-capable" content="yes"> @ https://jobs.bestbuy.com/bby/en-us/search-results:0
[     650ms] [ERROR] WebSocket connection to 'wss://jobs.bestbuy.com/amb' failed: Error during WebSocket handshake: Unexpected response code: 400 @ https://jobs.bestbuy.com/scripts/dist/sp_min.jsx?v=04-29-2026_0346:14
[     754ms] [LOG] amb.ServerConnection [INFO] _initializeSubscriptionCommandSender: SubscriptionCommandSender is enabled @ https://jobs.bestbuy.com/scripts/dist/sp_min.jsx?v=04-29-2026_0346:14
[     786ms] [LOG] amb.TransportManagement [INFO] Connected using transport long-polling @ https://jobs.bestbuy.com/scripts/dist/sp_min.jsx?v=04-29-2026_0346:14
[     786ms] [LOG] amb.TransportManagement [INFO] Removed failed registry transports after connect: {websocket} @ https://jobs.bestbuy.com/scripts/dist/sp_min.jsx?v=04-29-2026_0346:14
[    1238ms] missing ) after argument list
[    1426ms] [WARNING] Incoming message ignored due to origin mismatch. @ https://jobs.bestbuy.com/scripts/dist/sp_min.jsx?v=04-29-2026_0346:66
[    1436ms] [WARNING] Incoming message ignored due to origin mismatch. @ https://jobs.bestbuy.com/scripts/dist/sp_min.jsx?v=04-29-2026_0346:66
[    1436ms] [WARNING] Incoming message ignored due to origin mismatch. @ https://jobs.bestbuy.com/scripts/dist/sp_min.jsx?v=04-29-2026_0346:66
[    4295ms] [WARNING] Incoming message ignored due to origin mismatch. @ https://jobs.bestbuy.com/scripts/dist/sp_min.jsx?v=04-29-2026_0346:66
[    4295ms] [WARNING] Incoming message ignored due to origin mismatch. @ https://jobs.bestbuy.com/scripts/dist/sp_min.jsx?v=04-29-2026_0346:66
[    4295ms] [WARNING] Incoming message ignored due to origin mismatch. @ https://jobs.bestbuy.com/scripts/dist/sp_min.jsx?v=04-29-2026_0346:66
[    4295ms] [WARNING] Incoming message ignored due to origin mismatch. @ https://jobs.bestbuy.com/scripts/dist/sp_min.jsx?v=04-29-2026_0346:66
[    4295ms] [WARNING] Incoming message ignored due to origin mismatch. @ https://jobs.bestbuy.com/scripts/dist/sp_min.jsx?v=04-29-2026_0346:66
[    4295ms] [WARNING] Incoming message ignored due to origin mismatch. @ https://jobs.bestbuy.com/scripts/dist/sp_min.jsx?v=04-29-2026_0346:66
[    4297ms] [WARNING] Incoming message ignored due to origin mismatch. @ https://jobs.bestbuy.com/scripts/dist/sp_min.jsx?v=04-29-2026_0346:66
[    4297ms] [WARNING] Incoming message ignored due to origin mismatch. @ https://jobs.bestbuy.com/scripts/dist/sp_min.jsx?v=04-29-2026_0346:66
[    4297ms] [WARNING] Incoming message ignored due to origin mismatch. @ https://jobs.bestbuy.com/scripts/dist/sp_min.jsx?v=04-29-2026_0346:66
[    4419ms] [WARNING] Incoming message ignored due to origin mismatch. @ https://jobs.bestbuy.com/scripts/dist/sp_min.jsx?v=04-29-2026_0346:66
[    4685ms] [WARNING] Incoming message ignored due to origin mismatch. @ https://jobs.bestbuy.com/scripts/dist/sp_min.jsx?v=04-29-2026_0346:66
[    4950ms] [WARNING] Incoming message ignored due to origin mismatch. @ https://jobs.bestbuy.com/scripts/dist/sp_min.jsx?v=04-29-2026_0346:66
[    5216ms] [WARNING] Incoming message ignored due to origin mismatch. @ https://jobs.bestbuy.com/scripts/dist/sp_min.jsx?v=04-29-2026_0346:66
[    5482ms] [WARNING] Incoming message ignored due to origin mismatch. @ https://jobs.bestbuy.com/scripts/dist/sp_min.jsx?v=04-29-2026_0346:66
[    5747ms] [WARNING] Incoming message ignored due to origin mismatch. @ https://jobs.bestbuy.com/scripts/dist/sp_min.jsx?v=04-29-2026_0346:66
[    6013ms] [WARNING] Incoming message ignored due to origin mismatch. @ https://jobs.bestbuy.com/scripts/dist/sp_min.jsx?v=04-29-2026_0346:66
[    6278ms] [WARNING] Incoming message ignored due to origin mismatch. @ https://jobs.bestbuy.com/scripts/dist/sp_min.jsx?v=04-29-2026_0346:66
[    6544ms] [WARNING] Incoming message ignored due to origin mismatch. @ https://jobs.bestbuy.com/scripts/dist/sp_min.jsx?v=04-29-2026_0346:66
[    6809ms] [WARNING] Incoming message ignored due to origin mismatch. @ https://jobs.bestbuy.com/scripts/dist/sp_min.jsx?v=04-29-2026_0346:66
[    7075ms] [WARNING] Incoming message ignored due to origin mismatch. @ https://jobs.bestbuy.com/scripts/dist/sp_min.jsx?v=04-29-2026_0346:66
[    7341ms] [WARNING] Incoming message ignored due to origin mismatch. @ https://jobs.bestbuy.com/scripts/dist/sp_min.jsx?v=04-29-2026_0346:66
[    7606ms] [WARNING] Incoming message ignored due to origin mismatch. @ https://jobs.bestbuy.com/scripts/dist/sp_min.jsx?v=04-29-2026_0346:66
[    7871ms] [WARNING] Incoming message ignored due to origin mismatch. @ https://jobs.bestbuy.com/scripts/dist/sp_min.jsx?v=04-29-2026_0346:66
[    8138ms] [WARNING] Incoming message ignored due to origin mismatch. @ https://jobs.bestbuy.com/scripts/dist/sp_min.jsx?v=04-29-2026_0346:66
[    8404ms] [WARNING] Incoming message ignored due to origin mismatch. @ https://jobs.bestbuy.com/scripts/dist/sp_min.jsx?v=04-29-2026_0346:66
[    8669ms] [WARNING] Incoming message ignored due to origin mismatch. @ https://jobs.bestbuy.com/scripts/dist/sp_min.jsx?v=04-29-2026_0346:66
[    8933ms] [WARNING] Incoming message ignored due to origin mismatch. @ https://jobs.bestbuy.com/scripts/dist/sp_min.jsx?v=04-29-2026_0346:66
[    9200ms] [WARNING] Incoming message ignored due to origin mismatch. @ https://jobs.bestbuy.com/scripts/dist/sp_min.jsx?v=04-29-2026_0346:66
[    9466ms] [WARNING] Incoming message ignored due to origin mismatch. @ https://jobs.bestbuy.com/scripts/dist/sp_min.jsx?v=04-29-2026_0346:66
[    9731ms] [WARNING] Incoming message ignored due to origin mismatch. @ https://jobs.bestbuy.com/scripts/dist/sp_min.jsx?v=04-29-2026_0346:66
[    9998ms] [WARNING] Incoming message ignored due to origin mismatch. @ https://jobs.bestbuy.com/scripts/dist/sp_min.jsx?v=04-29-2026_0346:66
[   10263ms] [WARNING] Incoming message ignored due to origin mismatch. @ https://jobs.bestbuy.com/scripts/dist/sp_min.jsx?v=04-29-2026_0346:66
[   10528ms] [WARNING] Incoming message ignored due to origin mismatch. @ https://jobs.bestbuy.com/scripts/dist/sp_min.jsx?v=04-29-2026_0346:66
[   10794ms] [WARNING] Incoming message ignored due to origin mismatch. @ https://jobs.bestbuy.com/scripts/dist/sp_min.jsx?v=04-29-2026_0346:66
[   11059ms] [WARNING] Incoming message ignored due to origin mismatch. @ https://jobs.bestbuy.com/scripts/dist/sp_min.jsx?v=04-29-2026_0346:66
[   11325ms] [WARNING] Incoming message ignored due to origin mismatch. @ https://jobs.bestbuy.com/scripts/dist/sp_min.jsx?v=04-29-2026_0346:66
[   11591ms] [WARNING] Incoming message ignored due to origin mismatch. @ https://jobs.bestbuy.com/scripts/dist/sp_min.jsx?v=04-29-2026_0346:66
[   11856ms] [WARNING] Incoming message ignored due to origin mismatch. @ https://jobs.bestbuy.com/scripts/dist/sp_min.jsx?v=04-29-2026_0346:66
[   12122ms] [WARNING] Incoming message ignored due to origin mismatch. @ https://jobs.bestbuy.com/scripts/dist/sp_min.jsx?v=04-29-2026_0346:66
[   12387ms] [WARNING] Incoming message ignored due to origin mismatch. @ https://jobs.bestbuy.com/scripts/dist/sp_min.jsx?v=04-29-2026_0346:66
[   12653ms] [WARNING] Incoming message ignored due to origin mismatch. @ https://jobs.bestbuy.com/scripts/dist/sp_min.jsx?v=04-29-2026_0346:66
[   12919ms] [WARNING] Incoming message ignored due to origin mismatch. @ https://jobs.bestbuy.com/scripts/dist/sp_min.jsx?v=04-29-2026_0346:66
[   13184ms] [WARNING] Incoming message ignored due to origin mismatch. @ https://jobs.bestbuy.com/scripts/dist/sp_min.jsx?v=04-29-2026_0346:66
[   13450ms] [WARNING] Incoming message ignored due to origin mismatch. @ https://jobs.bestbuy.com/scripts/dist/sp_min.jsx?v=04-29-2026_0346:66
[   13716ms] [WARNING] Incoming message ignored due to origin mismatch. @ https://jobs.bestbuy.com/scripts/dist/sp_min.jsx?v=04-29-2026_0346:66
[   13982ms] [WARNING] Incoming message ignored due to origin mismatch. @ https://jobs.bestbuy.com/scripts/dist/sp_min.jsx?v=04-29-2026_0346:66
[   14247ms] [WARNING] Incoming message ignored due to origin mismatch. @ https://jobs.bestbuy.com/scripts/dist/sp_min.jsx?v=04-29-2026_0346:66
[   14513ms] [WARNING] Incoming message ignored due to origin mismatch. @ https://jobs.bestbuy.com/scripts/dist/sp_min.jsx?v=04-29-2026_0346:66
[   14777ms] [WARNING] Incoming message ignored due to origin mismatch. @ https://jobs.bestbuy.com/scripts/dist/sp_min.jsx?v=04-29-2026_0346:66
[   15044ms] [WARNING] Incoming message ignored due to origin mismatch. @ https://jobs.bestbuy.com/scripts/dist/sp_min.jsx?v=04-29-2026_0346:66
[   15309ms] [WARNING] Incoming message ignored due to origin mismatch. @ https://jobs.bestbuy.com/scripts/dist/sp_min.jsx?v=04-29-2026_0346:66
[   15575ms] [WARNING] Incoming message ignored due to origin mismatch. @ https://jobs.bestbuy.com/scripts/dist/sp_min.jsx?v=04-29-2026_0346:66
[   15841ms] [WARNING] Incoming message ignored due to origin mismatch. @ https://jobs.bestbuy.com/scripts/dist/sp_min.jsx?v=04-29-2026_0346:66
[   16107ms] [WARNING] Incoming message ignored due to origin mismatch. @ https://jobs.bestbuy.com/scripts/dist/sp_min.jsx?v=04-29-2026_0346:66
[   16372ms] [WARNING] Incoming message ignored due to origin mismatch. @ https://jobs.bestbuy.com/scripts/dist/sp_min.jsx?v=04-29-2026_0346:66
[   16638ms] [WARNING] Incoming message ignored due to origin mismatch. @ https://jobs.bestbuy.com/scripts/dist/sp_min.jsx?v=04-29-2026_0346:66
[   16903ms] [WARNING] Incoming message ignored due to origin mismatch. @ https://jobs.bestbuy.com/scripts/dist/sp_min.jsx?v=04-29-2026_0346:66
[   17169ms] [WARNING] Incoming message ignored due to origin mismatch. @ https://jobs.bestbuy.com/scripts/dist/sp_min.jsx?v=04-29-2026_0346:66
[   17434ms] [WARNING] Incoming message ignored due to origin mismatch. @ https://jobs.bestbuy.com/scripts/dist/sp_min.jsx?v=04-29-2026_0346:66
[   17699ms] [WARNING] Incoming message ignored due to origin mismatch. @ https://jobs.bestbuy.com/scripts/dist/sp_min.jsx?v=04-29-2026_0346:66
[   17966ms] [WARNING] Incoming message ignored due to origin mismatch. @ https://jobs.bestbuy.com/scripts/dist/sp_min.jsx?v=04-29-2026_0346:66
[   18232ms] [WARNING] Incoming message ignored due to origin mismatch. @ https://jobs.bestbuy.com/scripts/dist/sp_min.jsx?v=04-29-2026_0346:66
[   18497ms] [WARNING] Incoming message ignored due to origin mismatch. @ https://jobs.bestbuy.com/scripts/dist/sp_min.jsx?v=04-29-2026_0346:66
[   18763ms] [WARNING] Incoming message ignored due to origin mismatch. @ https://jobs.bestbuy.com/scripts/dist/sp_min.jsx?v=04-29-2026_0346:66
[   19029ms] [WARNING] Incoming message ignored due to origin mismatch. @ https://jobs.bestbuy.com/scripts/dist/sp_min.jsx?v=04-29-2026_0346:66
[   19294ms] [WARNING] Incoming message ignored due to origin mismatch. @ https://jobs.bestbuy.com/scripts/dist/sp_min.jsx?v=04-29-2026_0346:66
[   19559ms] [WARNING] Incoming message ignored due to origin mismatch. @ https://jobs.bestbuy.com/scripts/dist/sp_min.jsx?v=04-29-2026_0346:66
[   19825ms] [WARNING] Incoming message ignored due to origin mismatch. @ https://jobs.bestbuy.com/scripts/dist/sp_min.jsx?v=04-29-2026_0346:66
[   20091ms] [WARNING] Incoming message ignored due to origin mismatch. @ https://jobs.bestbuy.com/scripts/dist/sp_min.jsx?v=04-29-2026_0346:66
[   20356ms] [WARNING] Incoming message ignored due to origin mismatch. @ https://jobs.bestbuy.com/scripts/dist/sp_min.jsx?v=04-29-2026_0346:66
[   20622ms] [WARNING] Incoming message ignored due to origin mismatch. @ https://jobs.bestbuy.com/scripts/dist/sp_min.jsx?v=04-29-2026_0346:66
[   20888ms] [WARNING] Incoming message ignored due to origin mismatch. @ https://jobs.bestbuy.com/scripts/dist/sp_min.jsx?v=04-29-2026_0346:66
[   21154ms] [WARNING] Incoming message ignored due to origin mismatch. @ https://jobs.bestbuy.com/scripts/dist/sp_min.jsx?v=04-29-2026_0346:66
[   21419ms] [WARNING] Incoming message ignored due to origin mismatch. @ https://jobs.bestbuy.com/scripts/dist/sp_min.jsx?v=04-29-2026_0346:66
[   21684ms] [WARNING] Incoming message ignored due to origin mismatch. @ https://jobs.bestbuy.com/scripts/dist/sp_min.jsx?v=04-29-2026_0346:66
[   21950ms] [WARNING] Incoming message ignored due to origin mismatch. @ https://jobs.bestbuy.com/scripts/dist/sp_min.jsx?v=04-29-2026_0346:66
[   22216ms] [WARNING] Incoming message ignored due to origin mismatch. @ https://jobs.bestbuy.com/scripts/dist/sp_min.jsx?v=04-29-2026_0346:66
[   22481ms] [WARNING] Incoming message ignored due to origin mismatch. @ https://jobs.bestbuy.com/scripts/dist/sp_min.jsx?v=04-29-2026_0346:66
[   22747ms] [WARNING] Incoming message ignored due to origin mismatch. @ https://jobs.bestbuy.com/scripts/dist/sp_min.jsx?v=04-29-2026_0346:66
[   23013ms] [WARNING] Incoming message ignored due to origin mismatch. @ https://jobs.bestbuy.com/scripts/dist/sp_min.jsx?v=04-29-2026_0346:66
[   23279ms] [WARNING] Incoming message ignored due to origin mismatch. @ https://jobs.bestbuy.com/scripts/dist/sp_min.jsx?v=04-29-2026_0346:66
[   23543ms] [WARNING] Incoming message ignored due to origin mismatch. @ https://jobs.bestbuy.com/scripts/dist/sp_min.jsx?v=04-29-2026_0346:66
[   23809ms] [WARNING] Incoming message ignored due to origin mismatch. @ https://jobs.bestbuy.com/scripts/dist/sp_min.jsx?v=04-29-2026_0346:66
[   24074ms] [WARNING] Incoming message ignored due to origin mismatch. @ https://jobs.bestbuy.com/scripts/dist/sp_min.jsx?v=04-29-2026_0346:66
[   24341ms] [WARNING] Incoming message ignored due to origin mismatch. @ https://jobs.bestbuy.com/scripts/dist/sp_min.jsx?v=04-29-2026_0346:66
[   24607ms] [WARNING] Incoming message ignored due to origin mismatch. @ https://jobs.bestbuy.com/scripts/dist/sp_min.jsx?v=04-29-2026_0346:66
