[     480ms] missing ) after argument list
[     550ms] [LOG] amb.MessageClient [INFO] >>> connection exists, request satisfied @ https://jobs.bestbuy.com/scripts/dist/sp_min.jsx?v=04-29-2026_0346:14
[     558ms] [WARNING] <meta name="apple-mobile-web-app-capable" content="yes"> is deprecated. Please include <meta name="mobile-web-app-capable" content="yes"> @ https://jobs.bestbuy.com/bby/jobs:0
[     676ms] [ERROR] WebSocket connection to 'wss://jobs.bestbuy.com/amb' failed: Error during WebSocket handshake: Unexpected response code: 400 @ https://jobs.bestbuy.com/scripts/dist/sp_min.jsx?v=04-29-2026_0346:14
[     712ms] [LOG] amb.ServerConnection [INFO] _initializeSubscriptionCommandSender: SubscriptionCommandSender is enabled @ https://jobs.bestbuy.com/scripts/dist/sp_min.jsx?v=04-29-2026_0346:14
[     748ms] [LOG] amb.TransportManagement [INFO] Connected using transport long-polling @ https://jobs.bestbuy.com/scripts/dist/sp_min.jsx?v=04-29-2026_0346:14
[     748ms] [LOG] amb.TransportManagement [INFO] Removed failed registry transports after connect: {websocket} @ https://jobs.bestbuy.com/scripts/dist/sp_min.jsx?v=04-29-2026_0346:14
[     957ms] missing ) after argument list
[    1221ms] [WARNING] Incoming message ignored due to origin mismatch. @ https://jobs.bestbuy.com/scripts/dist/sp_min.jsx?v=04-29-2026_0346:66
[    1246ms] [WARNING] Incoming message ignored due to origin mismatch. @ https://jobs.bestbuy.com/scripts/dist/sp_min.jsx?v=04-29-2026_0346:66
[    1246ms] [WARNING] Incoming message ignored due to origin mismatch. @ https://jobs.bestbuy.com/scripts/dist/sp_min.jsx?v=04-29-2026_0346:66
[    4078ms] [WARNING] Incoming message ignored due to origin mismatch. @ https://jobs.bestbuy.com/scripts/dist/sp_min.jsx?v=04-29-2026_0346:66
[    4078ms] [WARNING] Incoming message ignored due to origin mismatch. @ https://jobs.bestbuy.com/scripts/dist/sp_min.jsx?v=04-29-2026_0346:66
[    4078ms] [WARNING] Incoming message ignored due to origin mismatch. @ https://jobs.bestbuy.com/scripts/dist/sp_min.jsx?v=04-29-2026_0346:66
[    4078ms] [WARNING] Incoming message ignored due to origin mismatch. @ https://jobs.bestbuy.com/scripts/dist/sp_min.jsx?v=04-29-2026_0346:66
[    4078ms] [WARNING] Incoming message ignored due to origin mismatch. @ https://jobs.bestbuy.com/scripts/dist/sp_min.jsx?v=04-29-2026_0346:66
[    4078ms] [WARNING] Incoming message ignored due to origin mismatch. @ https://jobs.bestbuy.com/scripts/dist/sp_min.jsx?v=04-29-2026_0346:66
[    4080ms] [WARNING] Incoming message ignored due to origin mismatch. @ https://jobs.bestbuy.com/scripts/dist/sp_min.jsx?v=04-29-2026_0346:66
[    4080ms] [WARNING] Incoming message ignored due to origin mismatch. @ https://jobs.bestbuy.com/scripts/dist/sp_min.jsx?v=04-29-2026_0346:66
[    4080ms] [WARNING] Incoming message ignored due to origin mismatch. @ https://jobs.bestbuy.com/scripts/dist/sp_min.jsx?v=04-29-2026_0346:66
[    4206ms] [WARNING] Incoming message ignored due to origin mismatch. @ https://jobs.bestbuy.com/scripts/dist/sp_min.jsx?v=04-29-2026_0346:66
[    4471ms] [WARNING] Incoming message ignored due to origin mismatch. @ https://jobs.bestbuy.com/scripts/dist/sp_min.jsx?v=04-29-2026_0346:66
[    4737ms] [WARNING] Incoming message ignored due to origin mismatch. @ https://jobs.bestbuy.com/scripts/dist/sp_min.jsx?v=04-29-2026_0346:66
[    5003ms] [WARNING] Incoming message ignored due to origin mismatch. @ https://jobs.bestbuy.com/scripts/dist/sp_min.jsx?v=04-29-2026_0346:66
[    5268ms] [WARNING] Incoming message ignored due to origin mismatch. @ https://jobs.bestbuy.com/scripts/dist/sp_min.jsx?v=04-29-2026_0346:66
[    5535ms] [WARNING] Incoming message ignored due to origin mismatch. @ https://jobs.bestbuy.com/scripts/dist/sp_min.jsx?v=04-29-2026_0346:66
[    6322ms] [WARNING] Incoming message ignored due to origin mismatch. @ https://jobs.bestbuy.com/scripts/dist/sp_min.jsx?v=04-29-2026_0346:66
[    6322ms] [WARNING] Incoming message ignored due to origin mismatch. @ https://jobs.bestbuy.com/scripts/dist/sp_min.jsx?v=04-29-2026_0346:66
[    6330ms] [WARNING] Incoming message ignored due to origin mismatch. @ https://jobs.bestbuy.com/scripts/dist/sp_min.jsx?v=04-29-2026_0346:66
[    6597ms] [WARNING] Incoming message ignored due to origin mismatch. @ https://jobs.bestbuy.com/scripts/dist/sp_min.jsx?v=04-29-2026_0346:66
[    6862ms] [WARNING] Incoming message ignored due to origin mismatch. @ https://jobs.bestbuy.com/scripts/dist/sp_min.jsx?v=04-29-2026_0346:66
[    7128ms] [WARNING] Incoming message ignored due to origin mismatch. @ https://jobs.bestbuy.com/scripts/dist/sp_min.jsx?v=04-29-2026_0346:66
[    7393ms] [WARNING] Incoming message ignored due to origin mismatch. @ https://jobs.bestbuy.com/scripts/dist/sp_min.jsx?v=04-29-2026_0346:66
[    7659ms] [WARNING] Incoming message ignored due to origin mismatch. @ https://jobs.bestbuy.com/scripts/dist/sp_min.jsx?v=04-29-2026_0346:66
[    7925ms] [WARNING] Incoming message ignored due to origin mismatch. @ https://jobs.bestbuy.com/scripts/dist/sp_min.jsx?v=04-29-2026_0346:66
[    8190ms] [WARNING] Incoming message ignored due to origin mismatch. @ https://jobs.bestbuy.com/scripts/dist/sp_min.jsx?v=04-29-2026_0346:66
[    8457ms] [WARNING] Incoming message ignored due to origin mismatch. @ https://jobs.bestbuy.com/scripts/dist/sp_min.jsx?v=04-29-2026_0346:66
[    8720ms] [WARNING] Incoming message ignored due to origin mismatch. @ https://jobs.bestbuy.com/scripts/dist/sp_min.jsx?v=04-29-2026_0346:66
[    8987ms] [WARNING] Incoming message ignored due to origin mismatch. @ https://jobs.bestbuy.com/scripts/dist/sp_min.jsx?v=04-29-2026_0346:66
[    9253ms] [WARNING] Incoming message ignored due to origin mismatch. @ https://jobs.bestbuy.com/scripts/dist/sp_min.jsx?v=04-29-2026_0346:66
[    9521ms] [WARNING] Incoming message ignored due to origin mismatch. @ https://jobs.bestbuy.com/scripts/dist/sp_min.jsx?v=04-29-2026_0346:66
