[   34295ms] [LOG] JQMIGRATE: Migrate is installed, version 3.3.0 @ https://performancemanager.successfactors.eu/verp/vmod_v1/ui/extlib/jquery_3.5.1/jquery.js:4
[   34301ms] [LOG] JQMIGRATE: Migrate plugin loaded multiple times @ https://performancemanager.successfactors.eu/verp/vmod_v1/ui/extlib/jquery_3.5.1/jquery-migrate.js:1
[   34302ms] [LOG] JQMIGRATE: Migrate is installed, version 3.3.0 @ https://performancemanager.successfactors.eu/verp/vmod_v1/ui/extlib/jquery_3.5.1/jquery-migrate.js:1
[   34422ms] [LOG] JQMIGRATE: Migrate is installed, version 1.4.1 @ https://jobs.crh.com/platform/js/jquery/jquery-migrate-1.4.1.js:22
[   35950ms] [WARNING] [@xweb/core-utils/util/pageMetaData] Initiating polling for pageInfo, this is a potential performance issue @ https://performancemanager.successfactors.eu/verp/vmod_3/ui/rmk-jobs-search/resources_4.71.1/static/js/main.10286f7e.js:1
[   35954ms] [LOG] [@xweb/core-utils/src/util/PerfPhase] TRS: 2772 ms (1743 ms) @ https://performancemanager.successfactors.eu/verp/vmod_3/ui/rmk-jobs-search/resources_4.71.1/static/js/main.10286f7e.js:1
[   35970ms] [LOG] getJobMatchingSkills input: [] @ https://performancemanager.successfactors.eu/verp/vmod_3/ui/rmk-jobs-search/resources_4.71.1/static/js/main.10286f7e.js:1
[   35971ms] [LOG] getJobMatchingSkills output: [] @ https://performancemanager.successfactors.eu/verp/vmod_3/ui/rmk-jobs-search/resources_4.71.1/static/js/main.10286f7e.js:1
[   35984ms] [INFO] [xweb/rmk-jobs-search] --------------------------------------------- @ https://performancemanager.successfactors.eu/verp/vmod_3/ui/rmk-jobs-search/resources_4.71.1/static/js/main.10286f7e.js:1
[   35984ms] [INFO] [xweb/rmk-jobs-search] app name: xweb/rmk-jobs-search @ https://performancemanager.successfactors.eu/verp/vmod_3/ui/rmk-jobs-search/resources_4.71.1/static/js/main.10286f7e.js:1
[   35984ms] [INFO] [xweb/rmk-jobs-search] app environment: production @ https://performancemanager.successfactors.eu/verp/vmod_3/ui/rmk-jobs-search/resources_4.71.1/static/js/main.10286f7e.js:1
[   35984ms] [INFO] [xweb/rmk-jobs-search] app version: 4.71.1
 @ https://performancemanager.successfactors.eu/verp/vmod_3/ui/rmk-jobs-search/resources_4.71.1/static/js/main.10286f7e.js:1
[   35984ms] [INFO] [xweb/rmk-jobs-search] app build str:  @ https://performancemanager.successfactors.eu/verp/vmod_3/ui/rmk-jobs-search/resources_4.71.1/static/js/main.10286f7e.js:1
[   35984ms] [INFO] [xweb/rmk-jobs-search] --------------------------------------------- @ https://performancemanager.successfactors.eu/verp/vmod_3/ui/rmk-jobs-search/resources_4.71.1/static/js/main.10286f7e.js:1
[   35990ms] [INFO] [xweb/rmk-jobs-search] init odata request: baseURL: undefined useBatch: false timeout: 25000 mock: false @ https://performancemanager.successfactors.eu/verp/vmod_3/ui/rmk-jobs-search/resources_4.71.1/static/js/main.10286f7e.js:1
[   35990ms] [INFO] [xweb/rmk-jobs-search] init http request: baseURL: undefined timeout: 25000 mock: false @ https://performancemanager.successfactors.eu/verp/vmod_3/ui/rmk-jobs-search/resources_4.71.1/static/js/main.10286f7e.js:1
[   35990ms] [INFO] [xweb/rmk-jobs-search] init ui5 with config: theme sap_horizon language: undefined @ https://performancemanager.successfactors.eu/verp/vmod_3/ui/rmk-jobs-search/resources_4.71.1/static/js/main.10286f7e.js:1
[   35990ms] [INFO] [xweb/rmk-jobs-search] widgetParams: {"widgetName":"xweb/rmk-jobs-search","widgetRenderId":"jobSearch_j_id1","uiComponentName":"jobSearch"} @ https://performancemanager.successfactors.eu/verp/vmod_3/ui/rmk-jobs-search/resources_4.71.1/static/js/main.10286f7e.js:1
[   35991ms] [INFO] [xweb/rmk-jobs-search] app initialized @ https://performancemanager.successfactors.eu/verp/vmod_3/ui/rmk-jobs-search/resources_4.71.1/static/js/main.10286f7e.js:1
[   35992ms] [INFO] [xweb/rmk-jobs-search] app mounted @ https://performancemanager.successfactors.eu/verp/vmod_3/ui/rmk-jobs-search/resources_4.71.1/static/js/main.10286f7e.js:1
[   35993ms] [INFO] [xweb/rmk-jobs-search] app started @ https://performancemanager.successfactors.eu/verp/vmod_3/ui/rmk-jobs-search/resources_4.71.1/static/js/main.10286f7e.js:1
