scanning 149 residual on Adzuna company-board (brand names)...
  25/149 (hits 9)
  50/149 (hits 20)
  75/149 (hits 32)
  100/149 (hits 48)
  125/149 (hits 58)

=== 69 residual on Adzuna (>=8 employer-matched) ===
   1054 cgi technologies and solutio brand=cgi technologies a  60j co=CGI
    385 massachusetts institute of t brand=massachusetts inst  11j co=Blue Cross Blue Shie
    363 curators of university of mi brand=university of miss  60j co=University of Missou
    307 rutgers state university of  brand=rutgers state univ  60j co=Rutgers Robert Wood 
    297 quadrant technologies        brand=quadrant technolog  60j co=Quadrant Health Grou
    297 michigan state university    brand=michigan state uni  29j co=Mid-Michigan Oral Su
    257 board of regents of universi brand=university of nebr  60j co=University of Nebras
    211 hca management services lp   brand=hca management ser  60j co=HCA Florida Largo Ho
    195 florida state university     brand=florida state univ  60j co=HCA Florida Largo Ho
    194 tek leaders                  brand=tek leaders         60j co=Hi-Tek Manufacturing
    167 hdr engineering              brand=hdr engineering     33j co=HDR
    160 fujitsu north america        brand=fujitsu north amer  25j co=Fujitsu
    155 regents of university of cal brand=regents of univers  60j co=REGENT
    148 dpr construction a general p brand=dpr construction a  60j co=DPR Construction
    145 3i infotech                  brand=3i infotech         19j co=3i People
    140 stier solutions              brand=stier solutions     57j co=Stier Solutions
    137 tekaccel                     brand=tekaccel            10j co=Tekaccel, Inc
    137 st jude medical cardiology d brand=st jude medical ca  60j co=Rochester Regional H
    135 university of pittsburgh phy brand=university of pitt  60j co=Ohio State Universit
    134 university of new mexico     brand=university of new   60j co=University of New Me
    133 fred hutchinson cancer cente brand=fred hutchinson ca  60j co=Fred Olivieri Constr
    125 susquehanna international gr brand=susquehanna intern  60j co=Susquehanna Printing
    123 orpine                       brand=orpine              11j co=Orpine.com
    119 amalgam technologies         brand=amalgam technologi  29j co=Amalgamated Bank of 
    118 indiana university health ca brand=indiana university  12j co=Indiana University H
    117 kingston technologies        brand=kingston technolog  60j co=Kingston Healthcare
    114 lex nimble solutions         brand=lex nimble solutio  37j co=Lex Cooling, Heating
    110 university of alabama        brand=university of alab  60j co=University of Alabam
    108 rensselaer polytechnic insti brand=rensselaer polytec  26j co=Pizza Hut - Renssela
    107 sg americas operational serv brand=sg americas operat  23j co=SG Development & Con
    103 cnh industrial america       brand=cnh industrial ame  11j co=CNH Industrial
    102 mankind america              brand=mankind america     45j co=7 For All Mankind
    102 h lee moffitt cancer center  brand=h lee moffitt canc  38j co=Calhoun Truck Lines
    101 conexus medstaff             brand=conexus medstaff    60j co=Conexus Food Solutio
    101 osf multi specialty group    brand=osf multi specialt  60j co=OSF Healthcare/Medic
     98 battelle energy alliance     brand=battelle energy al  60j co=Battelle Memorial In
     98 viacore technologies         brand=viacore technologi  11j co=Viacore Solutions LL
     96 bnp paribas securities       brand=bnp paribas          9j co=BNP Paribas
     95 camelot integrated solutions brand=camelot integrated  60j co=Camelot Facility Sol
     95 maimonides medical center    brand=maimonides medical  23j co=Maimonides Medical C
     94 neo prism solutions          brand=neo prism solution  22j co=NEO Dental Implants 
     92 gandara mental health center brand=gandara mental hea  60j co=Gandara Mental Healt
     92 sonata software north americ brand=sonata software no  55j co=Sonata Viera
     92 trustees of dartmouth colleg brand=dartmouth college   60j co=Dartmouth Health
     90 intellisoft systems          brand=intellisoft system  21j co=Intellisoft Technolo
     89 rj systems                   brand=rj systems          60j co=RJ Schinner Co
     88 itc infotech usa             brand=itc infotech        60j co=ITC Infotech , Inc
     87 cirrus logic international s brand=cirrus logic inter  60j co=Cirrus
     86 citadel enterprise americas  brand=citadel enterprise  60j co=Citadel Roofing and 
     85 tek ninjas solutions         brand=tek ninjas solutio  60j co=Hi-Tek Manufacturing
     84 jkv international            brand=jkv international   60j co=JKV
     84 ust healthproof              brand=ust healthproof     33j co=HealthTrust Workforc
     83 caresoft global technologies brand=caresoft global te  22j co=Caresoft
     81 sullivan and cromwell llp    brand=sullivan and cromw  60j co=BREEN & SULLIVAN MEC
     81 north dakota state universit brand=north dakota state  60j co=North Strand Emergen
     80 scotia capital usa           brand=scotia capital      32j co=Scotia Village
     79 bering strait school distric brand=bering strait scho  60j co=BERING STRAITS PROFE
     79 etek it services             brand=etek it services    10j co=eTek IT Services, In
     78 ardor it systems             brand=ardor it systems    60j co=Ardor Health Solutio
     78 sphere institute             brand=sphere institute    60j co=Hemisphere Restauran
     77 bnp paribas rcc              brand=bnp paribas rcc      9j co=BNP Paribas
     76 terracon consultants         brand=terracon consultan  60j co=Terracon
     75 financial industry regulator brand=financial industry  60j co=Larson Financial Gro
     74 bct consulting               brand=bct consulting      51j co=Bct
     74 nic info tek                 brand=nic info tek        41j co=CommuniCare Health C
     73 bean infosystems             brand=bean infosystems    60j co=Bikes and Beans
     72 university of connecticut he brand=university of conn  60j co=Ohio State Universit
     71 d e shaw and l p             brand=d e shaw and        60j co=LifeBridge Health
     70 florida international univer brand=florida internatio  60j co=HCA Florida Largo Ho
