probing 1500 companies across ['greenhouse', 'lever', 'ashby', 'smartrecruiters', 'workable', 'icims', 'taleo']  (limit=None)
  [trade desk] skip: already in seed (trade-desk)
  [insulet] skip: already in seed (insulet)
  [quest diagnostics] skip: already in seed (quest-diagnostics)
  [ptc] skip: already in seed (ptc)
  [rivian and volkswagen group technologies] skip: already in seed (rivian-and-volkswagen-group-technologies)
  [activehours] skip: already in seed (activehours)
  [trane technologies] skip: already in seed (trane-technologies)
  [credit acceptance] skip: already in seed (credit-acceptance)
  [bloom energy] skip: already in seed (bloom-energy)
  [exelixis] skip: already in seed (exelixis)
  [latitude ai] skip: already in seed (latitude-ai)
  [highmark health] skip: already in seed (highmark-health)
  [bio rad laboratories] skip: already in seed (bio-rad-laboratories)
  [new era technology] skip: already in seed (new-era-technology)
  [lear] skip: already in seed (lear)
  [cornerstone research] skip: already in seed (cornerstone-research)
  [aeva] skip: already in seed (aeva)
  [cytel] skip: already in seed (cytel)
  [quantiphi] skip: already in seed (quantiphi)
  [centraprise] skip: already in seed (centraprise)
  [sentara health] skip: already in seed (sentara-health)
  [stevens institute of technology] skip: already in seed (stevens-institute-of-technology)
  [thomson reuters] skip: already in seed (thomson-reuters)
  [datanova technologies] skip: already in seed (datanova-technologies)
  [tapestry] skip: already in seed (tapestry)
  [alkermes] skip: already in seed (alkermes)
  [chs] skip: already in seed (chs)
  [cintas] skip: already in seed (cintas)
  [driscoll s] skip: already in seed (driscoll-s)
  [hinge health] skip: already in seed (hinge-health)
  [itechstack] skip: already in seed (itechstack)
  [snorkel ai] skip: already in seed (snorkel-ai)
  [teradyne] skip: already in seed (teradyne)
  [weee] skip: already in seed (weee)
  [cardlytics] skip: already in seed (cardlytics)
  [hudson river trading] skip: already in seed (hudson-river-trading)
  [automation anywhere] skip: already in seed (automation-anywhere)
  [jade global] skip: already in seed (jade-global)
  [novelis] skip: already in seed (novelis)
  [regal rexnord] skip: already in seed (regal-rexnord)
  [crosscountry consulting] skip: already in seed (crosscountry-consulting)
  [exact sciences] skip: already in seed (exact-sciences)
  [hd supply] skip: already in seed (hd-supply)
  [nature conservancy] skip: already in seed (nature-conservancy)
  [unum group] skip: already in seed (unum-group)
new candidates: 48  by_ats={'icims': 8, 'smartrecruiters': 29, 'greenhouse': 5, 'ashby': 5, 'taleo': 1}
wrote scripts/candidates_midtier_bf.json

next: .venv/bin/python scripts/build_registry.py scripts/candidates_midtier_bf.json --dry-run
