sweeping 175 residual giants (browser UA + http1)...
stamina.retry_scheduled
stamina.retry_scheduled
stamina.retry_scheduled
stamina.retry_scheduled
stamina.retry_scheduled
stamina.retry_scheduled
stamina.retry_scheduled
stamina.retry_scheduled
  30/175 (hits 8)
  60/175 (hits 18)
  90/175 (hits 25)
  120/175 (hits 31)
  150/175 (hits 36)

=== 38 residual giants with a detected board ===
   1054 cgi technologies and solutions       ['2fcgi.njoyn.com', 'cgi.njoyn.com', 'clients.njoyn.com']
    474 dallas independent school district   ['aa142.taleo.net']
    449 university of pittsburgh             ['cfopitt.taleo.net']
    315 arizona state university             ['asu.wd1.myworkdayjobs.com', 'asuep.wd5.myworkdayjobs.com']
    264 slalom                               ['slalom.avature.net']
    257 board of regents of university of ne ['u002funomaha.peopleadmin.com', 'unk.peopleadmin.com', 'unmc.peopleadmin.com']
    229 lawrence berkeley national laborator ['lbl.taleo.net']
    219 experis us                           ['manpowergroup.taleo.net', 'u002fmanpowergroup.taleo.net']
    211 west virginia university             ['wvu.taleo.net']
    172 university of massachusetts chan med ['careers-umms.icims.com', 'internal-umms.icims.com', 'u002fcareers-umms.icims.com']
    167 hdr engineering                      ['2fhdr.taleo.net', 'hdr.taleo.net']
    160 fujitsu north america                ['workforcenow.adp.com']
    157 annapurna labs u s                   ['/api/jobs']
    153 groupm worldwide                     ['.jobvite.com', 'boards.greenhouse.io/rapp', 'careers.smartrecruiters.com']
    137 st jude medical cardiology division  ['stjude.wd1.myworkdayjobs.com']
    136 options clearing                     ['theocc.wd5.myworkdayjobs.com']
    135 university of pittsburgh physicians  ['cfopitt.taleo.net']
    134 zurich american insurance            ['career2.successfactors.eu', 'performancemanager.successfactors.eu', 'rmkcdn.successfactors.com']
    134 university of new mexico             ['252funm.csod.com', 'unm.csod.com', 'workforcenow.adp.com']
    133 decofrut                             ['facebook.csod.com']
    127 murthy law firm                      ['workforcenow.adp.com']
    117 university of cincinnati             ['career8.successfactors.com', 'performancemanager8.successfactors.com', 'rmkcdn.successfactors.com']
    115 sg americas securities               ['socgen.taleo.net']
    111 prodapt north america                ['careersind-prodapt.icims.com', 'careerspna-prodapt.icims.com', 'careerspseuk-prodapt.icims.com']
    107 sg americas operational services     ['bac.avature.net', 'bankofamerica.csod.com', 'ghr.wd1.myworkdayjobs.com']
    102 h lee moffitt cancer center and rese ['careers-aacr.icims.com']
    101 osf multi specialty group            ['2finternal-osfhealthcare.icims.com', 'applyto-osfhealthcare.icims.com', 'osfhealthcare.icims.com']
     98 osf healthcare system                ['2finternal-osfhealthcare.icims.com', 'applyto-osfhealthcare.icims.com', 'osfhealthcare.icims.com']
     95 maimonides medical center            ['www.icims.com']
     90 arup us                              ['arupjobs.taleo.net']
     87 dataeconomy                          ['workforcenow.adp.com']
     86 sdvs technologies                    ['sjobs.brassring.com', 'starbucks.taleo.net', 'traderjoes.avature.net']
     85 ipivot                               ['boards.greenhouse.io/embed']
     85 national railroad passenger          ['facebook.csod.com']
     84 ust healthproof                      ['careers-healthedge.icims.com', 'cdn02.icims.com', 'images.icims.com']
     81 celoris tech                         ['careers-morainepark.icims.com']
     76 bechtel energy                       ['career4.successfactors.com', 'performancemanager4.successfactors.com', 'rmkcdn.successfactors.com']
     74 trenmor                              ['careers-medstarhealth.icims.com', 'events-medstarhealth.icims.com', 'medstarhealth.icims.com']
