sweeping 162 residual giants (browser UA + http1)...
stamina.retry_scheduled
stamina.retry_scheduled
stamina.retry_scheduled
stamina.retry_scheduled
stamina.retry_scheduled
stamina.retry_scheduled
stamina.retry_scheduled
stamina.retry_scheduled
  30/162 (hits 6)
  60/162 (hits 16)
  90/162 (hits 22)
  120/162 (hits 26)
  150/162 (hits 29)

=== 29 residual giants with a detected board ===
   1054 cgi technologies and solutions       ['cgi.njoyn.com', 'clients.njoyn.com']
    315 arizona state university             ['asu.wd1.myworkdayjobs.com', 'asuep.wd5.myworkdayjobs.com']
    264 slalom                               ['slalom.avature.net']
    257 board of regents of university of ne ['unk.peopleadmin.com', 'unmc.peopleadmin.com', 'unomaha.peopleadmin.com']
    219 experis us                           ['manpowergroup.taleo.net', 'u002fmanpowergroup.taleo.net']
    167 hdr engineering                      ['2fhdr.taleo.net', 'hdr.taleo.net']
    160 fujitsu north america                ['workforcenow.adp.com']
    157 annapurna labs u s                   ['/api/jobs']
    153 groupm worldwide                     ['.jobvite.com']
    145 3i infotech                          ['jobs.lever.co/ladders']
    139 palayekar companies                  ['careers-hines.icims.com']
    137 st jude medical cardiology division  ['stjude.wd1.myworkdayjobs.com']
    135 university of pittsburgh physicians  ['cfopitt.taleo.net']
    134 university of new mexico             ['workforcenow.adp.com']
    133 decofrut                             ['facebook.csod.com']
    127 murthy law firm                      ['workforcenow.adp.com']
    125 susquehanna international group llp  ['cookie-policy-scripts.icims.com', 'sig.icims.com', 'www.icims.com']
    112 shoolin                              ['workforcenow.adp.com']
    107 sg americas operational services     ['bac.avature.net', 'bankofamerica.csod.com', 'ghr.wd1.myworkdayjobs.com']
    102 h lee moffitt cancer center and rese ['careers-aacr.icims.com']
    101 osf multi specialty group            ['2finternal-osfhealthcare.icims.com', 'applyto-osfhealthcare.icims.com', 'osfhealthcare.icims.com']
     95 maimonides medical center            ['www.icims.com']
     87 dataeconomy                          ['workforcenow.adp.com']
     86 sdvs technologies                    ['sjobs.brassring.com', 'starbucks.taleo.net', 'traderjoes.avature.net']
     85 ipivot                               ['boards.greenhouse.io/embed']
     85 national railroad passenger          ['facebook.csod.com']
     84 ust healthproof                      ['careers-healthedge.icims.com', 'cdn02.icims.com', 'images.icims.com']
     81 celoris tech                         ['careers-morainepark.icims.com']
     78 tabner                               ['www.icims.com']
